Warning: connection.session() MemoryStore is not
designed for a production environment, as it will leak
memory, and obviously only work within a single process.
Express server listening on port 3000 in production mode
Warning: connection.session() MemoryStore is not
designed for a production environment, as it will leak
memory, and obviously only work within a single process.
Express server listening on port 3000 in production mode
GET / 200 3040 - 813 ms
GET /js/es5-shim.min.js 304 - - 139 ms
GET /js/underscore-min.js 304 - - 139 ms
GET /js/deferred.js 304 - - 139 ms
GET /js/jquery-1.7.2.min.js 304 - - 138 ms
GET /js/jquery-ui-1.8.19.custom.min.js 304 - - 40 ms
Creating scripts...
GET /css/styles.css 200 6747 - 222 ms
GET /images/bg.jpg 304 - - 20 ms
GET /images/logo.png 304 - - 19 ms
GET /images/mario_pic.jpg 304 - - 20 ms
okay
GET /js/scripts.js 200 76550 - 372 ms
GET /favicon.ico 304 - - 2 ms
GET / 200 3038 - 6 ms
GET /css/styles.css 304 - - 2 ms
GET /js/es5-shim.min.js 304 - - 4 ms
GET /js/underscore-min.js 304 - - 4 ms
GET /js/deferred.js 304 - - 3 ms
GET /js/jquery-1.7.2.min.js 304 - - 2 ms
GET /js/jquery-ui-1.8.19.custom.min.js 304 - - 2 ms
GET /js/scripts.js 304 - - 1 ms
GET /images/bg.jpg 304 - - 1 ms
GET /images/logo.png 304 - - 1 ms
GET /images/mario_pic.jpg 304 - - 1 ms
GET /favicon.ico 304 - - 1 ms
GET /register 200 2152 - 201 ms
GET /css/styles.css 304 - - 4 ms
GET /js/es5-shim.min.js 304 - - 203 ms
GET /js/underscore-min.js 304 - - 419 ms
GET /js/deferred.js 304 - - 419 ms
GET /js/jquery-1.7.2.min.js 304 - - 419 ms
GET /js/jquery-ui-1.8.19.custom.min.js 304 - - 419 ms
GET /js/scripts.js 304 - - 1 ms
GET /images/bg.jpg 304 - - 1 ms
GET /images/logo.png 304 - - 1 ms
Service call: register
POST /ajax/register 200 30 - 469 ms
GET / 200 3069 - 17 ms
GET /css/styles.css 304 - - 4 ms
GET /js/es5-shim.min.js 304 - - 3 ms
GET /js/underscore-min.js 304 - - 3 ms
GET /js/deferred.js 304 - - 2 ms
GET /js/jquery-1.7.2.min.js 304 - - 2 ms
GET /js/jquery-ui-1.8.19.custom.min.js 304 - - 2 ms
GET /js/scripts.js 304 - - 1 ms
GET /images/bg.jpg 304 - - 1 ms
GET /images/logo.png 304 - - 1 ms
GET /images/mario_pic.jpg 304 - - 1 ms
GET /challenges 200 2083 - 27 ms
GET /css/styles.css 304 - - 5 ms
GET /js/es5-shim.min.js 304 - - 5 ms
GET /js/deferred.js 304 - - 5 ms
GET /js/underscore-min.js 304 - - 5 ms
GET /js/jquery-1.7.2.min.js 304 - - 4 ms
GET /js/jquery-ui-1.8.19.custom.min.js 304 - - 3 ms
GET /js/scripts.js 304 - - 1 ms
GET /images/bg.jpg 304 - - 1 ms
GET /images/logo.png 304 - - 3 ms
GET /images/mario_pic.jpg 304 - - 2 ms
GET /challenges/mario 200 5059 - 280 ms
GET /css/styles.css 304 - - 1 ms
GET /js/es5-shim.min.js 304 - - 1 ms
GET /js/underscore-min.js 304 - - 3 ms
GET /js/deferred.js 304 - - 2 ms
GET /js/jquery-1.7.2.min.js 304 - - 2 ms
GET /js/jquery-ui-1.8.19.custom.min.js 304 - - 1 ms
GET /js/scripts.js 304 - - 1 ms
GET /images/bg.jpg 304 - - 1 ms
GET /images/logo.png 304 - - 1 ms
GET /images/mario_pic.jpg 304 - - 1 ms
GET /challenges/mario 200 5057 - 10 ms
GET /css/styles.css 304 - - 2 ms
GET /js/es5-shim.min.js 304 - - 2 ms
GET /js/underscore-min.js 304 - - 3 ms
GET /js/deferred.js 304 - - 2 ms
GET /js/jquery-1.7.2.min.js 304 - - 2 ms
GET /js/jquery-ui-1.8.19.custom.min.js 304 - - 2 ms
GET /js/scripts.js 304 - - 1 ms
GET /images/bg.jpg 304 - - 1 ms
GET /images/logo.png 304 - - 2 ms
GET /images/mario_pic.jpg 304 - - 1 ms
GET /favicon.ico 304 - - 2 ms
GET / 200 3069 - 7 ms
GET /css/styles.css 304 - - 3 ms
GET /js/es5-shim.min.js 304 - - 3 ms
GET /js/underscore-min.js 304 - - 3 ms
GET /js/deferred.js 304 - - 3 ms
GET /js/jquery-1.7.2.min.js 304 - - 3 ms
GET /js/jquery-ui-1.8.19.custom.min.js 304 - - 2 ms
GET /js/scripts.js 304 - - 1 ms
GET /images/bg.jpg 304 - - 1 ms
GET /images/mario_pic.jpg 304 - - 1 ms
GET /images/logo.png 304 - - 1 ms
GET / 200 3069 - 5 ms
GET /css/styles.css 304 - - 3 ms
GET /js/es5-shim.min.js 304 - - 2 ms
GET /js/underscore-min.js 304 - - 3 ms
GET /js/deferred.js 304 - - 3 ms
GET /js/jquery-1.7.2.min.js 304 - - 2 ms
GET /js/jquery-ui-1.8.19.custom.min.js 304 - - 2 ms
GET /js/scripts.js 304 - - 1 ms
GET /images/bg.jpg 304 - - - ms
GET /images/logo.png 304 - - 2 ms
GET /images/mario_pic.jpg 304 - - 1 ms
Service call: logout
POST /ajax/logout 200 30 - 6 ms
GET / 200 3038 - 7 ms
GET /css/styles.css 304 - - 4 ms
GET /js/es5-shim.min.js 304 - - 4 ms
GET /js/underscore-min.js 304 - - 3 ms
GET /js/deferred.js 304 - - 4 ms
GET /js/jquery-1.7.2.min.js 304 - - 4 ms
GET /js/jquery-ui-1.8.19.custom.min.js 304 - - 3 ms
GET /js/scripts.js 304 - - 1 ms
GET /images/bg.jpg 304 - - 1 ms
GET /images/mario_pic.jpg 304 - - 3 ms
GET /images/logo.png 304 - - 2 ms
GET / 200 3038 - 7 ms
GET /css/styles.css 304 - - 2 ms
GET /js/underscore-min.js 304 - - 3 ms
GET /js/es5-shim.min.js 304 - - 4 ms
GET /js/deferred.js 304 - - 3 ms
GET /js/jquery-1.7.2.min.js 304 - - 3 ms
GET /js/jquery-ui-1.8.19.custom.min.js 304 - - 3 ms
GET /js/scripts.js 304 - - 1 ms
GET /images/bg.jpg 304 - - - ms
GET /images/logo.png 304 - - - ms
GET /images/mario_pic.jpg 304 - - - ms
GET /favicon.ico 304 - - - ms
GET /register 200 2150 - 4 ms
GET /css/styles.css 304 - - 1 ms
GET /js/es5-shim.min.js 304 - - 3 ms
GET /js/underscore-min.js 304 - - 2 ms
GET /js/deferred.js 304 - - 2 ms
GET /js/jquery-1.7.2.min.js 304 - - 2 ms
GET /js/jquery-ui-1.8.19.custom.min.js 304 - - 2 ms
GET /js/scripts.js 304 - - 1 ms
GET /images/bg.jpg 304 - - 1 ms
GET /images/logo.png 304 - - 1 ms
Service call: register
POST /ajax/register 200 30 - 36 ms
GET / 200 3069 - 7 ms
GET /css/styles.css 304 - - 3 ms
GET /js/underscore-min.js 304 - - 3 ms
GET /js/es5-shim.min.js 304 - - 3 ms
GET /js/deferred.js 304 - - 3 ms
GET /js/jquery-1.7.2.min.js 304 - - 3 ms
GET /js/jquery-ui-1.8.19.custom.min.js 304 - - 3 ms
GET /js/scripts.js 304 - - 1 ms
GET /images/bg.jpg 304 - - - ms
GET /images/mario_pic.jpg 304 - - 1 ms
GET /images/logo.png 304 - - 1 ms
Service call: logout
POST /ajax/logout 200 30 - 4 ms
GET / 200 3038 - 3 ms
GET /css/styles.css 304 - - 3 ms
GET /js/es5-shim.min.js 304 - - 3 ms
GET /js/underscore-min.js 304 - - 2 ms
GET /js/deferred.js 304 - - 2 ms
GET /js/jquery-1.7.2.min.js 304 - - 3 ms
GET /js/jquery-ui-1.8.19.custom.min.js 304 - - 3 ms
GET /js/scripts.js 304 - - 1 ms
GET /images/bg.jpg 304 - - 1 ms
GET /images/logo.png 304 - - 2 ms
GET /images/mario_pic.jpg 304 - - 2 ms
GET /register 200 2150 - 2 ms
GET /css/styles.css 304 - - 3 ms
GET /js/es5-shim.min.js 304 - - 3 ms
GET /js/underscore-min.js 304 - - 3 ms
GET /js/deferred.js 304 - - 2 ms
GET /js/jquery-1.7.2.min.js 304 - - 3 ms
GET /js/jquery-ui-1.8.19.custom.min.js 304 - - 2 ms
GET /js/scripts.js 304 - - - ms
GET /images/bg.jpg 304 - - 1 ms
GET /images/logo.png 304 - - 1 ms
Service call: register
POST /ajax/register 200 30 - 4 ms
GET / 200 3069 - 5 ms
GET /css/styles.css 304 - - 5 ms
GET /js/es5-shim.min.js 304 - - 5 ms
GET /js/underscore-min.js 304 - - 3 ms
GET /js/deferred.js 304 - - 3 ms
GET /js/jquery-1.7.2.min.js 304 - - 3 ms
GET /js/jquery-ui-1.8.19.custom.min.js 304 - - 2 ms
GET /js/scripts.js 304 - - 1 ms
GET /images/bg.jpg 304 - - 2 ms
GET /images/logo.png 304 - - 1 ms
GET /images/mario_pic.jpg 304 - - 1 ms
GET / 200 3069 - 11 ms
GET /css/styles.css 304 - - 5 ms
GET /js/es5-shim.min.js 304 - - 5 ms
GET /js/underscore-min.js 304 - - 5 ms
GET /js/deferred.js 304 - - 5 ms
GET /js/jquery-1.7.2.min.js 304 - - 4 ms
GET /js/jquery-ui-1.8.19.custom.min.js 304 - - 4 ms
GET /js/scripts.js 304 - - 1 ms
GET /images/bg.jpg 304 - - - ms
GET /images/logo.png 304 - - 1 ms
GET /images/mario_pic.jpg 304 - - 2 ms
GET /favicon.ico 304 - - - ms
GET /challenges/mario 200 5057 - 22 ms
GET /css/styles.css 304 - - 1 ms
GET /js/es5-shim.min.js 304 - - - ms
GET /js/underscore-min.js 304 - - 2 ms
GET /js/deferred.js 304 - - 2 ms
GET /js/jquery-1.7.2.min.js 304 - - 1 ms
GET /js/jquery-ui-1.8.19.custom.min.js 304 - - 2 ms
GET /js/scripts.js 304 - - - ms
GET /images/bg.jpg 304 - - 1 ms
GET /images/mario_pic.jpg 304 - - 1 ms
GET /images/logo.png 304 - - 1 ms
GET /challenges/mario/adm 200 2447 - 40 ms
GET /css/styles.css 304 - - 1 ms
GET /js/es5-shim.min.js 304 - - 2 ms
GET /js/underscore-min.js 304 - - 2 ms
GET /js/jquery-1.7.2.min.js 304 - - 3 ms
GET /js/deferred.js 304 - - 4 ms
GET /js/jquery-ui-1.8.19.custom.min.js 304 - - 3 ms
GET /js/scripts.js 304 - - - ms
GET /images/bg.jpg 304 - - - ms
GET /images/logo.png 304 - - - ms
GET /challenges 200 2082 - 4 ms
GET /css/styles.css 304 - - 3 ms
GET /js/es5-shim.min.js 304 - - 3 ms
GET /js/underscore-min.js 304 - - 4 ms
GET /js/deferred.js 304 - - 3 ms
GET /js/jquery-1.7.2.min.js 304 - - 2 ms
GET /js/jquery-ui-1.8.19.custom.min.js 304 - - 2 ms
GET /js/scripts.js 304 - - 1 ms
GET /images/bg.jpg 304 - - 2 ms
GET /images/mario_pic.jpg 304 - - 3 ms
GET /images/logo.png 304 - - 2 ms
GET / 200 3069 - 6 ms
GET /css/styles.css 304 - - 3 ms
GET /js/es5-shim.min.js 304 - - 3 ms
GET /js/underscore-min.js 304 - - 3 ms
GET /js/deferred.js 304 - - 2 ms
GET /js/jquery-ui-1.8.19.custom.min.js 304 - - 2 ms
GET /js/jquery-1.7.2.min.js 304 - - 2 ms
GET /js/scripts.js 304 - - 1 ms
GET /images/bg.jpg 304 - - 1 ms
GET /images/logo.png 304 - - 1 ms
GET /images/mario_pic.jpg 304 - - 1 ms
GET /challenges/mario 200 5057 - 10 ms
GET /css/styles.css 304 - - 2 ms
GET /js/es5-shim.min.js 304 - - 2 ms
GET /js/underscore-min.js 304 - - 2 ms
GET /js/deferred.js 304 - - 3 ms
GET /js/jquery-1.7.2.min.js 304 - - 2 ms
GET /js/jquery-ui-1.8.19.custom.min.js 304 - - 3 ms
GET /js/scripts.js 304 - - - ms
GET /images/bg.jpg 304 - - - ms
GET /images/logo.png 304 - - 1 ms
GET /images/mario_pic.jpg 304 - - 1 ms
GET /challenges/mario/practice 200 9141 - 54 ms
GET /css/styles.css 304 - - 1 ms
GET /js/es5-shim.min.js 304 - - 1 ms
GET /css/codemirror.css 200 5050 - 7 ms
GET /images/bg.jpg 304 - - 1 ms
GET /js/underscore-min.js 304 - - 1 ms
GET /js/deferred.js 304 - - 1 ms
GET /js/jquery-1.7.2.min.js 304 - - 1 ms
GET /js/jquery-ui-1.8.19.custom.min.js 304 - - 1 ms
GET /js/scripts.js 304 - - 1 ms
GET /images/logo.png 304 - - 1 ms
GET /js/codemirror-min.js 200 58914 - 172 ms
GET /images/bg.jpg 304 - - 1 ms
GET /images/mario.png 200 1145 - 5 ms
Warning: connection.session() MemoryStore is not
designed for a production environment, as it will leak
memory, and obviously only work within a single process.
Express server listening on port 80 in production mode
GET / 200 3040 - 1186 ms
GET /css/styles.css 200 6747 - 38 ms
GET /js/es5-shim.min.js 200 8286 - 43 ms
GET /js/underscore-min.js 200 12140 - 75 ms
Creating scripts...
GET /images/logo.png 200 17246 - 52 ms
okay
GET /images/mario_pic.jpg 200 10162 - 13 ms
GET /images/bg.jpg 200 47386 - 120 ms
GET /js/deferred.js 200 32623 - 208 ms
GET /js/jquery-ui-1.8.19.custom.min.js 200 28994 - 241 ms
GET /js/scripts.js 200 76550 - 233 ms
GET /js/jquery-1.7.2.min.js 200 94840 - 1330 ms
GET /favicon.ico 200 32038 - 11 ms
GET /images/bg.jpg 304 - - 2 ms
Service call: login
POST /ajax/login 200 57 - 16 ms
Service call: login
POST /ajax/login 200 57 - 3 ms
Service call: login
POST /ajax/login 200 30 - 7 ms
GET / 200 3069 - 8 ms
GET /css/styles.css 304 - - 2 ms
GET /js/es5-shim.min.js 304 - - 4 ms
GET /js/underscore-min.js 304 - - 4 ms
GET /js/deferred.js 304 - - 3 ms
GET /js/jquery-1.7.2.min.js 304 - - 3 ms
GET /js/jquery-ui-1.8.19.custom.min.js 304 - - 4 ms
GET /js/scripts.js 304 - - 1 ms
GET /images/bg.jpg 304 - - 1 ms
GET /images/logo.png 304 - - 2 ms
GET /images/mario_pic.jpg 304 - - 1 ms
GET / 200 3069 - 8 ms
GET /css/styles.css 304 - - 5 ms
GET /js/es5-shim.min.js 304 - - 4 ms
GET /js/underscore-min.js 304 - - 4 ms
GET /js/deferred.js 304 - - 5 ms
GET /js/jquery-1.7.2.min.js 304 - - 5 ms
GET /js/jquery-ui-1.8.19.custom.min.js 304 - - 4 ms
GET /js/scripts.js 304 - - 1 ms
GET /images/bg.jpg 304 - - 1 ms
GET /images/logo.png 304 - - 2 ms
GET /images/mario_pic.jpg 304 - - 2 ms
GET /favicon.ico 304 - - 1 ms
GET /about 200 2133 - 12 ms
GET /css/styles.css 304 - - 1 ms
GET /js/es5-shim.min.js 304 - - 3 ms
GET /js/underscore-min.js 304 - - 3 ms
GET /js/deferred.js 304 - - 3 ms
GET /js/jquery-1.7.2.min.js 304 - - 2 ms
GET /js/jquery-ui-1.8.19.custom.min.js 304 - - 1 ms
GET /js/scripts.js 304 - - - ms
GET /images/bg.jpg 304 - - - ms
GET /images/logo.png 304 - - 1 ms
GET /images/me.jpg 200 17798 - 16 ms
GET /about/ad, 404 - - 1 ms
GET /about/adm 200 1480 - 6 ms
GET /css/styles.css 304 - - 4 ms
GET /js/es5-shim.min.js 304 - - 5 ms
GET /js/underscore-min.js 304 - - 4 ms
GET /js/deferred.js 304 - - 4 ms
GET /js/jquery-1.7.2.min.js 304 - - 4 ms
GET /js/jquery-ui-1.8.19.custom.min.js 304 - - 2 ms
GET /js/scripts.js 304 - - 1 ms
GET /images/bg.jpg 304 - - 1 ms
GET /images/logo.png 304 - - 1 ms
GET / 200 3069 - 4 ms
GET /css/styles.css 304 - - - ms
GET /js/es5-shim.min.js 304 - - 3 ms
GET /js/underscore-min.js 304 - - 3 ms
GET /js/deferred.js 304 - - 3 ms
GET /js/jquery-1.7.2.min.js 304 - - 2 ms
GET /js/jquery-ui-1.8.19.custom.min.js 304 - - 2 ms
GET /js/scripts.js 304 - - - ms
GET /images/bg.jpg 304 - - 1 ms
GET /images/mario_pic.jpg 304 - - 36 ms
GET /images/logo.png 304 - - 36 ms
GET / 200 3069 - 12 ms
GET /css/styles.css 304 - - 6 ms
GET /js/es5-shim.min.js 304 - - 6 ms
GET /js/underscore-min.js 304 - - 4 ms
GET /js/deferred.js 304 - - 4 ms
GET /js/jquery-1.7.2.min.js 304 - - 4 ms
GET /js/jquery-ui-1.8.19.custom.min.js 304 - - 3 ms
GET /js/scripts.js 304 - - 1 ms
GET /images/bg.jpg 304 - - 3 ms
GET /images/logo.png 304 - - 2 ms
GET /images/mario_pic.jpg 304 - - 2 ms
GET /favicon.ico 304 - - 1 ms
GET / 200 3069 - 8 ms
GET /css/styles.css 304 - - 1 ms
GET /js/es5-shim.min.js 304 - - 1 ms
GET /js/underscore-min.js 304 - - 2 ms
GET /js/deferred.js 304 - - 2 ms
GET /js/jquery-1.7.2.min.js 304 - - 1 ms
GET /js/jquery-ui-1.8.19.custom.min.js 304 - - 2 ms
GET /js/scripts.js 304 - - 1 ms
GET /images/bg.jpg 304 - - 1 ms
GET /images/logo.png 304 - - 1 ms
GET /images/mario_pic.jpg 304 - - 1 ms
GET /favicon.ico 304 - - 1 ms
GET / 200 3039 - 13 ms
GET /css/styles.css 200 6747 - 22 ms
GET /images/mario_pic.jpg 200 10162 - 10 ms
GET /js/es5-shim.min.js 200 8286 - 14 ms
GET /js/underscore-min.js 200 12140 - 73 ms
GET /js/jquery-ui-1.8.19.custom.min.js 200 28994 - 67 ms
GET /js/deferred.js 200 32623 - 138 ms
GET /images/logo.png 200 17246 - 38 ms
GET /images/bg.jpg 200 47386 - 98 ms
GET /js/scripts.js 200 76550 - 156 ms
GET /js/jquery-1.7.2.min.js 200 94840 - 274 ms
GET / 200 3069 - 11 ms
GET /css/styles.css 304 - - 3 ms
GET /js/es5-shim.min.js 304 - - 2 ms
GET /js/underscore-min.js 304 - - 3 ms
GET /js/deferred.js 304 - - 3 ms
GET /js/jquery-1.7.2.min.js 304 - - 2 ms
GET /js/jquery-ui-1.8.19.custom.min.js 304 - - 1 ms
GET /js/scripts.js 304 - - 1 ms
GET /images/bg.jpg 304 - - 2 ms
GET /images/logo.png 304 - - 2 ms
GET /images/mario_pic.jpg 304 - - 2 ms
GET /favicon.ico 304 - - 1 ms
GET /scores 200 1950 - 38 ms
GET /css/styles.css 304 - - 4 ms
GET /js/es5-shim.min.js 304 - - 4 ms
GET /js/underscore-min.js 304 - - 4 ms
GET /js/deferred.js 304 - - 3 ms
GET /js/jquery-1.7.2.min.js 304 - - 3 ms
GET /js/jquery-ui-1.8.19.custom.min.js 304 - - 3 ms
GET /js/scripts.js 304 - - - ms
GET /images/bg.jpg 304 - - 1 ms
GET /images/logo.png 304 - - 2 ms
GET / 200 3069 - 11 ms
GET /css/styles.css 304 - - 5 ms
GET /js/es5-shim.min.js 304 - - 4 ms
GET /js/underscore-min.js 304 - - 3 ms
GET /js/deferred.js 304 - - 3 ms
GET /js/jquery-1.7.2.min.js 304 - - 3 ms
GET /js/jquery-ui-1.8.19.custom.min.js 304 - - 3 ms
GET /js/scripts.js 304 - - 1 ms
GET /images/bg.jpg 304 - - 1 ms
GET /images/logo.png 304 - - 1 ms
GET /images/mario_pic.jpg 304 - - 2 ms
GET /js/scripts.js 304 - - 4 ms
GET /replays 200 1909 - 31 ms
GET /css/styles.css 304 - - 2 ms
GET /js/es5-shim.min.js 304 - - 2 ms
GET /js/underscore-min.js 304 - - 1 ms
GET /js/deferred.js 304 - - 2 ms
GET /js/jquery-1.7.2.min.js 304 - - 1 ms
GET /js/jquery-ui-1.8.19.custom.min.js 304 - - 1 ms
GET /js/scripts.js 304 - - 1 ms
GET /images/bg.jpg 304 - - 1 ms
GET /images/logo.png 304 - - 1 ms
Service call: replaysList
GET /ajax/replaysList?challenge=mario 200 28 - 8 ms
GET / 200 3069 - 9 ms
GET /css/styles.css 304 - - 4 ms
GET /js/es5-shim.min.js 304 - - 3 ms
GET /js/underscore-min.js 304 - - 3 ms
GET /js/deferred.js 304 - - 3 ms
GET /js/jquery-1.7.2.min.js 304 - - 3 ms
GET /js/jquery-ui-1.8.19.custom.min.js 304 - - 2 ms
GET /js/scripts.js 304 - - 1 ms
GET /images/bg.jpg 304 - - 1 ms
GET /images/logo.png 304 - - 1 ms
GET /images/mario_pic.jpg 304 - - 1 ms
GET /news 200 2101 - 44 ms
GET /css/styles.css 304 - - 2 ms
GET /js/es5-shim.min.js 304 - - 2 ms
GET /js/underscore-min.js 304 - - 1 ms
GET /js/deferred.js 304 - - 2 ms
GET /js/jquery-1.7.2.min.js 304 - - 1 ms
GET /js/jquery-ui-1.8.19.custom.min.js 304 - - 1 ms
GET /js/scripts.js 304 - - 1 ms
GET /images/bg.jpg 304 - - - ms
GET /images/logo.png 304 - - 1 ms
GET /challenges 200 2083 - 46 ms
GET /css/styles.css 304 - - 1 ms
GET /js/es5-shim.min.js 304 - - 3 ms
GET /js/underscore-min.js 304 - - 3 ms
GET /js/deferred.js 304 - - 3 ms
GET /js/jquery-1.7.2.min.js 304 - - 2 ms
GET /js/jquery-ui-1.8.19.custom.min.js 304 - - 2 ms
GET /js/scripts.js 304 - - 1 ms
GET /images/bg.jpg 304 - - 1 ms
GET /images/logo.png 304 - - 2 ms
GET /images/mario_pic.jpg 304 - - 2 ms
GET / 200 3069 - 5 ms
GET /css/styles.css 304 - - 1 ms
GET /js/es5-shim.min.js 304 - - 2 ms
GET /js/underscore-min.js 304 - - 2 ms
GET /js/deferred.js 304 - - 3 ms
GET /js/jquery-1.7.2.min.js 304 - - 3 ms
GET /js/jquery-ui-1.8.19.custom.min.js 304 - - 2 ms
GET /js/scripts.js 304 - - 1 ms
GET /images/bg.jpg 304 - - - ms
GET /images/logo.png 304 - - 1 ms
GET /images/mario_pic.jpg 304 - - 1 ms
GET / 200 3069 - 10 ms
GET /css/styles.css 304 - - 5 ms
GET /js/es5-shim.min.js 304 - - 4 ms
GET /js/underscore-min.js 304 - - 3 ms
GET /js/deferred.js 304 - - 4 ms
GET /js/jquery-ui-1.8.19.custom.min.js 304 - - 4 ms
GET /js/jquery-1.7.2.min.js 304 - - 3 ms
GET /js/scripts.js 304 - - 1 ms
GET /images/bg.jpg 304 - - 1 ms
GET /images/logo.png 304 - - 2 ms
GET /images/mario_pic.jpg 304 - - 2 ms
GET /about 200 2133 - 9 ms
GET /css/styles.css 304 - - 5 ms
GET /js/es5-shim.min.js 304 - - 5 ms
GET /js/underscore-min.js 304 - - 4 ms
GET /js/deferred.js 304 - - 4 ms
GET /js/jquery-1.7.2.min.js 304 - - 5 ms
GET /js/jquery-ui-1.8.19.custom.min.js 304 - - 5 ms
GET /js/scripts.js 304 - - 1 ms
GET /images/bg.jpg 304 - - - ms
GET /images/logo.png 304 - - 2 ms
GET /images/me.jpg 304 - - 1 ms
GET / 200 3069 - 8 ms
GET /css/styles.css 304 - - 4 ms
GET /js/es5-shim.min.js 304 - - 4 ms
GET /js/underscore-min.js 304 - - 3 ms
GET /js/deferred.js 304 - - 3 ms
GET /js/jquery-ui-1.8.19.custom.min.js 304 - - 2 ms
GET /js/jquery-1.7.2.min.js 304 - - 2 ms
GET /js/scripts.js 304 - - 1 ms
GET /images/bg.jpg 304 - - 1 ms
GET /images/logo.png 304 - - 1 ms
GET /images/mario_pic.jpg 304 - - 1 ms
GET / 200 3039 - 102 ms
GET /css/styles.css 304 - - 6 ms
GET /js/deferred.js 304 - - 3 ms
GET /js/jquery-1.7.2.min.js 304 - - 3 ms
GET /js/es5-shim.min.js 304 - - 2 ms
GET /js/underscore-min.js 304 - - 4 ms
GET /images/mario_pic.jpg 304 - - 3 ms
GET /js/jquery-ui-1.8.19.custom.min.js 304 - - 1 ms
GET /js/scripts.js 304 - - 1 ms
GET /images/bg.jpg 304 - - 1 ms
GET /images/logo.png 304 - - 1 ms
GET /about 200 2099 - 6 ms
GET /css/styles.css 304 - - 1 ms
GET /js/es5-shim.min.js 304 - - 3 ms
GET /js/underscore-min.js 304 - - 2 ms
GET /js/deferred.js 304 - - 2 ms
GET /js/jquery-1.7.2.min.js 304 - - 1 ms
GET /js/jquery-ui-1.8.19.custom.min.js 304 - - 1 ms
GET /js/scripts.js 304 - - 1 ms
GET /images/bg.jpg 304 - - 1 ms
GET /images/logo.png 304 - - 1 ms
GET /images/me.jpg 200 17798 - 147 ms
GET /challenges/mario 200 5059 - 668 ms
GET /css/styles.css 304 - - 3 ms
GET /js/es5-shim.min.js 304 - - 2 ms
GET /js/underscore-min.js 304 - - 1 ms
GET /js/deferred.js 304 - - 1 ms
GET /js/jquery-1.7.2.min.js 304 - - - ms
GET /js/jquery-ui-1.8.19.custom.min.js 304 - - - ms
GET /js/scripts.js 304 - - 1 ms
GET /images/bg.jpg 304 - - 1 ms
GET /images/logo.png 304 - - - ms
GET /images/mario_pic.jpg 304 - - 1 ms
GET /challenges/mario/practice 200 9142 - 188 ms
GET /css/styles.css 304 - - 5 ms
GET /js/es5-shim.min.js 304 - - 4 ms
GET /js/underscore-min.js 304 - - 2 ms
GET /js/deferred.js 304 - - 2 ms
GET /css/codemirror.css 200 5050 - 31 ms
GET /js/jquery-1.7.2.min.js 304 - - 2 ms
GET /js/jquery-ui-1.8.19.custom.min.js 304 - - 1 ms
GET /js/scripts.js 304 - - 2 ms
GET /images/bg.jpg 304 - - 1 ms
GET /images/logo.png 304 - - 1 ms
GET /js/codemirror-min.js 200 58914 - 184 ms
GET /images/bg.jpg 304 - - 1 ms
GET /images/mario.png 200 1145 - 68 ms
GET /challenges/mario/practice 200 9140 - 13 ms
GET /css/styles.css 304 - - 4 ms
GET /js/es5-shim.min.js 304 - - 3 ms
GET /css/codemirror.css 304 - - 3 ms
GET /js/codemirror-min.js 304 - - 2 ms
GET /images/bg.jpg 304 - - 1 ms
GET /images/logo.png 304 - - - ms
GET /js/underscore-min.js 304 - - 3 ms
GET /js/deferred.js 304 - - 3 ms
GET /js/jquery-1.7.2.min.js 304 - - 2 ms
GET /js/jquery-ui-1.8.19.custom.min.js 304 - - 2 ms
GET /js/scripts.js 304 - - 1 ms
GET /favicon.ico 304 - - 1 ms
GET /images/bg.jpg 304 - - 1 ms
GET /images/mario.png 200 1145 - 23 ms
GET /replays 200 1909 - 55 ms
GET /css/styles.css 304 - - 4 ms
GET /js/es5-shim.min.js 304 - - 4 ms
GET /js/underscore-min.js 304 - - 3 ms
GET /js/deferred.js 304 - - 3 ms
GET /js/jquery-1.7.2.min.js 304 - - 3 ms
GET /js/jquery-ui-1.8.19.custom.min.js 304 - - 3 ms
GET /js/scripts.js 304 - - 1 ms
GET /images/bg.jpg 304 - - 1 ms
GET /images/logo.png 304 - - 1 ms
GET / 200 3069 - 11 ms
GET /css/styles.css 304 - - 3 ms
GET /js/es5-shim.min.js 304 - - 2 ms
GET /js/underscore-min.js 304 - - 3 ms
GET /js/deferred.js 304 - - 3 ms
GET /js/jquery-1.7.2.min.js 304 - - 2 ms
GET /js/jquery-ui-1.8.19.custom.min.js 304 - - 3 ms
GET /js/scripts.js 304 - - 1 ms
GET /images/bg.jpg 304 - - 3 ms
GET /images/logo.png 304 - - 2 ms
GET /images/mario_pic.jpg 304 - - 1 ms
GET /myadmin/scripts/setup.php 404 - - 3 ms
POST /myadmin/scripts/setup.php 404 - - 2 ms
HEAD /manager/html 404 - - 2 ms
GET /myadmin/scripts/setup.php 404 - - 37 ms
POST /myadmin/scripts/setup.php 404 - - 2 ms
GET / 200 3039 - 26 ms
GET /css/styles.css 304 - - 4 ms
GET /js/es5-shim.min.js 304 - - 1 ms
GET /js/deferred.js 304 - - 3 ms
GET /js/underscore-min.js 304 - - 2 ms
GET /images/mario_pic.jpg 304 - - 4 ms
GET /js/jquery-1.7.2.min.js 304 - - 3 ms
GET /js/jquery-ui-1.8.19.custom.min.js 304 - - 1 ms
GET /js/scripts.js 304 - - 1 ms
GET /images/bg.jpg 304 - - 1 ms
GET /images/logo.png 304 - - 1 ms
GET / 200 3038 - 5 ms
GET /css/styles.css 304 - - 4 ms
GET /js/underscore-min.js 304 - - 4 ms
GET /js/deferred.js 304 - - 3 ms
GET /js/es5-shim.min.js 304 - - 3 ms
GET /js/jquery-1.7.2.min.js 304 - - 3 ms
GET /js/jquery-ui-1.8.19.custom.min.js 304 - - 2 ms
GET /js/scripts.js 304 - - 1 ms
GET /images/bg.jpg 304 - - 2 ms
GET /images/mario_pic.jpg 304 - - 2 ms
GET /images/logo.png 304 - - 1 ms
GET / 200 3039 - 36 ms
GET /css/styles.css 304 - - 27 ms
GET /images/mario_pic.jpg 304 - - 1 ms
GET /js/underscore-min.js 304 - - 2 ms
GET /js/es5-shim.min.js 304 - - 1 ms
GET /js/deferred.js 304 - - 1 ms
GET /js/jquery-1.7.2.min.js 304 - - 1 ms
GET /js/jquery-ui-1.8.19.custom.min.js 304 - - 1 ms
GET /js/scripts.js 304 - - 1 ms
GET /images/bg.jpg 304 - - 2 ms
GET /images/logo.png 304 - - 1 ms
GET / 200 3039 - 31 ms
GET /css/styles.css 304 - - 9 ms
GET /images/mario_pic.jpg 304 - - 3 ms
GET /js/es5-shim.min.js 304 - - 3 ms
GET /js/underscore-min.js 304 - - 3 ms
GET /js/deferred.js 304 - - 2 ms
GET /js/jquery-1.7.2.min.js 304 - - 2 ms
GET /js/jquery-ui-1.8.19.custom.min.js 304 - - - ms
GET /js/scripts.js 304 - - 1 ms
GET /images/bg.jpg 304 - - 1 ms
GET /images/logo.png 304 - - - ms
GET /challenges/mario 200 5026 - 6 ms
GET /js/es5-shim.min.js 304 - - 1 ms
GET /css/styles.css 304 - - 1 ms
GET /js/underscore-min.js 304 - - 3 ms
GET /js/deferred.js 304 - - 3 ms
GET /js/jquery-ui-1.8.19.custom.min.js 304 - - 2 ms
GET /js/jquery-1.7.2.min.js 304 - - 2 ms
GET /js/scripts.js 304 - - 2 ms
GET /images/bg.jpg 304 - - 1 ms
GET /images/mario_pic.jpg 304 - - 1 ms
GET /images/logo.png 304 - - 1 ms
GET /challenges 200 2051 - 16 ms
GET /css/styles.css 304 - - 3 ms
GET /js/underscore-min.js 304 - - 4 ms
GET /js/deferred.js 304 - - 3 ms
GET /js/es5-shim.min.js 304 - - 3 ms
GET /js/jquery-1.7.2.min.js 304 - - 2 ms
GET /js/jquery-ui-1.8.19.custom.min.js 304 - - 3 ms
GET /js/scripts.js 304 - - 2 ms
GET /images/bg.jpg 304 - - 2 ms
GET /images/mario_pic.jpg 304 - - 1 ms
GET /images/logo.png 304 - - 1 ms
GET / 200 3038 - 11 ms
GET /js/es5-shim.min.js 304 - - 4 ms
GET /css/styles.css 304 - - 3 ms
GET /js/underscore-min.js 304 - - 3 ms
GET /js/deferred.js 304 - - 3 ms
GET /js/jquery-ui-1.8.19.custom.min.js 304 - - 3 ms
GET /js/jquery-1.7.2.min.js 304 - - 11 ms
GET /js/scripts.js 304 - - 1 ms
GET /images/bg.jpg 304 - - 1 ms
GET /images/mario_pic.jpg 304 - - - ms
GET /images/logo.png 304 - - 1 ms
GET / 200 3038 - 13 ms
GET /css/styles.css 304 - - 3 ms
GET /js/jquery-1.7.2.min.js 304 - - 3 ms
GET /js/es5-shim.min.js 304 - - 3 ms
GET /js/underscore-min.js 304 - - 3 ms
GET /js/deferred.js 304 - - 3 ms
GET /js/jquery-ui-1.8.19.custom.min.js 304 - - 3 ms
GET /js/scripts.js 304 - - 1 ms
GET /images/bg.jpg 304 - - 2 ms
GET /images/mario_pic.jpg 304 - - 2 ms
GET /images/logo.png 304 - - 1 ms
GET / 200 3038 - 5 ms
GET /js/es5-shim.min.js 304 - - 3 ms
GET /css/styles.css 304 - - 3 ms
GET /js/underscore-min.js 304 - - 3 ms
GET /js/jquery-1.7.2.min.js 304 - - 3 ms
GET /js/deferred.js 304 - - 2 ms
GET /js/jquery-ui-1.8.19.custom.min.js 304 - - 1 ms
GET /js/scripts.js 304 - - 1 ms
GET /images/mario_pic.jpg 304 - - 2 ms
GET /images/bg.jpg 304 - - 1 ms
GET /images/logo.png 304 - - 1 ms
GET /myadmin/scripts/setup.php 404 - - 23 ms
POST /myadmin/scripts/setup.php 404 - - 2 ms
GET / 200 3039 - 216 ms
GET /css/styles.css 200 6747 - 10 ms
GET /js/es5-shim.min.js 200 8286 - 109 ms
GET /images/mario_pic.jpg 200 10162 - 134 ms
GET /js/underscore-min.js 200 12140 - 412 ms
GET /js/deferred.js 200 32623 - 431 ms
GET /js/jquery-ui-1.8.19.custom.min.js 200 28994 - 641 ms
GET /images/logo.png 200 17246 - 98 ms
GET /images/bg.jpg 200 47386 - 808 ms
GET /js/jquery-1.7.2.min.js 200 94840 - 2229 ms
GET /js/scripts.js 200 76550 - 2417 ms
GET /favicon.ico 200 32038 - 164 ms
GET /favicon.ico 304 - - 1 ms
GET /scores 200 1918 - 87 ms
GET /css/styles.css 304 - - 2 ms
GET /js/es5-shim.min.js 304 - - 2 ms
GET /js/underscore-min.js 304 - - 1 ms
GET /js/deferred.js 304 - - 1 ms
GET /js/jquery-1.7.2.min.js 304 - - 1 ms
GET /js/jquery-ui-1.8.19.custom.min.js 304 - - 1 ms
GET /js/scripts.js 304 - - 1 ms
GET /images/bg.jpg 304 - - - ms
GET /images/logo.png 304 - - 1 ms
GET /favicon.ico 304 - - 1 ms
GET /replays 200 1878 - 3 ms
GET /css/styles.css 304 - - 2 ms
GET /js/es5-shim.min.js 304 - - 2 ms
GET /js/underscore-min.js 304 - - - ms
GET /js/deferred.js 304 - - - ms
GET /js/jquery-1.7.2.min.js 304 - - - ms
GET /js/jquery-ui-1.8.19.custom.min.js 304 - - - ms
GET /js/scripts.js 304 - - - ms
GET /images/bg.jpg 304 - - - ms
GET /images/logo.png 304 - - - ms
GET /favicon.ico 304 - - - ms
GET /scores 200 1918 - 3 ms
GET /css/styles.css 304 - - 2 ms
GET /js/es5-shim.min.js 304 - - 1 ms
GET /js/underscore-min.js 304 - - 1 ms
GET /js/deferred.js 304 - - 1 ms
GET /js/jquery-1.7.2.min.js 304 - - 2 ms
GET /js/jquery-ui-1.8.19.custom.min.js 304 - - 1 ms
GET /js/scripts.js 304 - - 1 ms
GET /images/bg.jpg 304 - - 1 ms
GET /images/logo.png 304 - - 1 ms
GET /favicon.ico 304 - - 1 ms
Service call: getScores
GET /ajax/getScores?challenge=mario 200 28 - 70 ms
GET /favicon.ico 304 - - - ms
GET /replays 200 1878 - 2 ms
GET /css/styles.css 304 - - 1 ms
GET /js/es5-shim.min.js 304 - - 1 ms
GET /js/underscore-min.js 304 - - 1 ms
GET /js/deferred.js 304 - - - ms
GET /js/jquery-1.7.2.min.js 304 - - 1 ms
GET /js/jquery-ui-1.8.19.custom.min.js 304 - - 1 ms
GET /js/scripts.js 304 - - 1 ms
GET /images/bg.jpg 304 - - 1 ms
GET /images/logo.png 304 - - - ms
GET /favicon.ico 304 - - 1 ms
GET /challenges 200 2051 - 2 ms
GET /css/styles.css 304 - - - ms
GET /js/es5-shim.min.js 304 - - - ms
GET /js/underscore-min.js 304 - - 1 ms
GET /js/deferred.js 304 - - - ms
GET /js/jquery-1.7.2.min.js 304 - - 1 ms
GET /js/jquery-ui-1.8.19.custom.min.js 304 - - 1 ms
GET /js/scripts.js 304 - - 1 ms
GET /images/bg.jpg 304 - - 1 ms
GET /images/mario_pic.jpg 304 - - 1 ms
GET /images/logo.png 304 - - 1 ms
GET /favicon.ico 304 - - 1 ms
GET /challenges 200 2051 - 6 ms
GET /css/styles.css 304 - - 3 ms
GET /js/es5-shim.min.js 304 - - 2 ms
GET /js/jquery-ui-1.8.19.custom.min.js 304 - - 1 ms
GET /js/scripts.js 304 - - 1 ms
GET /images/bg.jpg 304 - - 1 ms
GET /images/mario_pic.jpg 304 - - 1 ms
GET /images/logo.png 304 - - 1 ms
GET /js/underscore-min.js 304 - - 1 ms
GET /js/deferred.js 304 - - 1 ms
GET /js/jquery-1.7.2.min.js 304 - - 1 ms
GET /favicon.ico 304 - - 1 ms
GET / 200 3038 - 5 ms
GET /css/styles.css 304 - - 1 ms
GET /js/es5-shim.min.js 304 - - - ms
GET /js/underscore-min.js 304 - - 1 ms
GET /js/deferred.js 304 - - 1 ms
GET /js/jquery-1.7.2.min.js 304 - - 1 ms
GET /js/jquery-ui-1.8.19.custom.min.js 304 - - 1 ms
GET /js/scripts.js 304 - - 1 ms
GET /images/bg.jpg 304 - - 1 ms
GET /images/mario_pic.jpg 304 - - 1 ms
GET /images/logo.png 304 - - 1 ms
GET /favicon.ico 304 - - 1 ms
GET /about 200 2099 - 2 ms
GET /css/styles.css 304 - - 2 ms
GET /js/es5-shim.min.js 304 - - 1 ms
GET /js/underscore-min.js 304 - - - ms
GET /images/me.jpg 200 17798 - 9 ms
GET /js/deferred.js 304 - - - ms
GET /js/jquery-1.7.2.min.js 304 - - - ms
GET /js/jquery-ui-1.8.19.custom.min.js 304 - - 1 ms
GET /js/scripts.js 304 - - 1 ms
GET /images/bg.jpg 304 - - 1 ms
GET /images/logo.png 304 - - 1 ms
GET /favicon.ico 304 - - 1 ms
GET /challenges 200 2051 - 5 ms
GET /css/styles.css 304 - - 3 ms
GET /js/es5-shim.min.js 304 - - 2 ms
GET /js/underscore-min.js 304 - - 1 ms
GET /js/deferred.js 304 - - 1 ms
GET /js/jquery-1.7.2.min.js 304 - - 1 ms
GET /js/jquery-ui-1.8.19.custom.min.js 304 - - 1 ms
GET /js/scripts.js 304 - - 1 ms
GET /images/bg.jpg 304 - - - ms
GET /images/mario_pic.jpg 304 - - - ms
GET /images/logo.png 304 - - 1 ms
GET /favicon.ico 304 - - 1 ms
GET / 200 3038 - 5 ms
GET /css/styles.css 304 - - 1 ms
GET /js/es5-shim.min.js 304 - - 1 ms
GET /js/underscore-min.js 304 - - - ms
GET /js/deferred.js 304 - - - ms
GET /js/jquery-1.7.2.min.js 304 - - 1 ms
GET /js/jquery-ui-1.8.19.custom.min.js 304 - - - ms
GET /js/scripts.js 304 - - - ms
GET /images/bg.jpg 304 - - - ms
GET /images/mario_pic.jpg 304 - - 1 ms
GET /images/logo.png 304 - - 1 ms
GET /favicon.ico 304 - - 1 ms
GET /about 200 2099 - 5 ms
GET /css/styles.css 304 - - 3 ms
GET /js/es5-shim.min.js 304 - - 1 ms
GET /js/underscore-min.js 304 - - 1 ms
GET /js/deferred.js 304 - - 1 ms
GET /js/jquery-1.7.2.min.js 304 - - 1 ms
GET /js/jquery-ui-1.8.19.custom.min.js 304 - - 1 ms
GET /js/scripts.js 304 - - 1 ms
GET /images/bg.jpg 304 - - 2 ms
GET /images/me.jpg 304 - - 1 ms
GET /images/logo.png 304 - - 1 ms
GET /favicon.ico 304 - - 1 ms
GET /challenges 200 2051 - 6 ms
GET /css/styles.css 304 - - 2 ms
GET /js/es5-shim.min.js 304 - - 3 ms
GET /js/underscore-min.js 304 - - 1 ms
GET /js/deferred.js 304 - - 1 ms
GET /js/jquery-1.7.2.min.js 304 - - - ms
GET /js/jquery-ui-1.8.19.custom.min.js 304 - - 1 ms
GET /js/scripts.js 304 - - 1 ms
GET /images/bg.jpg 304 - - 1 ms
GET /images/mario_pic.jpg 304 - - 1 ms
GET /images/logo.png 304 - - 1 ms
GET /favicon.ico 304 - - 1 ms
GET /register 200 2155 - 17 ms
GET /css/styles.css 304 - - 3 ms
GET /js/underscore-min.js 304 - - 2 ms
GET /js/deferred.js 304 - - 1 ms
GET /js/jquery-1.7.2.min.js 304 - - - ms
GET /js/jquery-ui-1.8.19.custom.min.js 304 - - 1 ms
GET /js/scripts.js 304 - - 1 ms
GET /js/es5-shim.min.js 304 - - 1 ms
GET /images/bg.jpg 304 - - 1 ms
GET /images/logo.png 304 - - 1 ms
GET /favicon.ico 304 - - 1 ms
Service call: register
POST /ajax/register 200 30 - 69 ms
GET /challenges 200 2094 - 8 ms
GET /js/deferred.js 304 - - 2 ms
GET /js/jquery-1.7.2.min.js 304 - - 1 ms
GET /js/jquery-ui-1.8.19.custom.min.js 304 - - 1 ms
GET /js/scripts.js 304 - - - ms
GET /css/styles.css 304 - - 1 ms
GET /js/es5-shim.min.js 304 - - 2 ms
GET /js/underscore-min.js 304 - - 1 ms
GET /images/bg.jpg 304 - - 1 ms
GET /images/mario_pic.jpg 304 - - 1 ms
GET /images/logo.png 304 - - 2 ms
GET /favicon.ico 304 - - 1 ms
GET /challenges 200 2094 - 12 ms
GET /css/styles.css 304 - - 8 ms
GET /js/es5-shim.min.js 304 - - 7 ms
GET /js/underscore-min.js 304 - - - ms
GET /js/deferred.js 304 - - 1 ms
GET /js/jquery-1.7.2.min.js 304 - - - ms
GET /js/jquery-ui-1.8.19.custom.min.js 304 - - - ms
GET /js/scripts.js 304 - - 1 ms
GET /images/bg.jpg 304 - - 1 ms
GET /images/mario_pic.jpg 304 - - 1 ms
GET /images/logo.png 304 - - - ms
GET /favicon.ico 304 - - 1 ms
GET /challenges/mario 200 5069 - 10 ms
GET /css/styles.css 304 - - 2 ms
GET /js/es5-shim.min.js 304 - - 2 ms
GET /js/underscore-min.js 304 - - 2 ms
GET /js/deferred.js 304 - - 1 ms
GET /js/jquery-1.7.2.min.js 304 - - 1 ms
GET /js/jquery-ui-1.8.19.custom.min.js 304 - - 1 ms
GET /js/scripts.js 304 - - 1 ms
GET /images/bg.jpg 304 - - 1 ms
GET /images/mario_pic.jpg 304 - - 2 ms
GET /images/logo.png 304 - - 1 ms
GET /favicon.ico 304 - - 1 ms
GET /scores 200 1961 - 9 ms
GET /css/styles.css 304 - - 3 ms
GET /js/es5-shim.min.js 304 - - 2 ms
GET /js/deferred.js 304 - - 1 ms
GET /js/underscore-min.js 304 - - 1 ms
GET /js/jquery-1.7.2.min.js 304 - - 1 ms
GET /js/jquery-ui-1.8.19.custom.min.js 304 - - 1 ms
GET /js/scripts.js 304 - - 1 ms
GET /images/bg.jpg 304 - - 1 ms
GET /images/logo.png 304 - - 1 ms
GET /favicon.ico 304 - - 1 ms
GET /favicon.ico 304 - - 1 ms
Service call: getScores
GET /ajax/getScores?challenge=mario 200 28 - 5 ms
GET /favicon.ico 304 - - 1 ms
GET /favicon.ico 304 - - 1 ms
GET /challenges/mario/practice 200 9152 - 42 ms
GET /css/styles.css 304 - - 1 ms
GET /js/es5-shim.min.js 304 - - 2 ms
GET /js/underscore-min.js 304 - - 1 ms
GET /js/deferred.js 304 - - 1 ms
GET /js/jquery-1.7.2.min.js 304 - - 1 ms
GET /css/codemirror.css 200 5050 - 73 ms
GET /js/jquery-ui-1.8.19.custom.min.js 304 - - 1 ms
GET /js/scripts.js 304 - - 1 ms
GET /images/bg.jpg 304 - - 1 ms
GET /images/logo.png 304 - - - ms
GET /js/codemirror-min.js 200 58914 - 712 ms
GET /favicon.ico 304 - - 1 ms
GET / 200 3081 - 15 ms
GET /css/styles.css 304 - - 3 ms
GET /js/es5-shim.min.js 304 - - 2 ms
GET /js/underscore-min.js 304 - - 1 ms
GET /js/deferred.js 304 - - 1 ms
GET /js/jquery-1.7.2.min.js 304 - - 1 ms
GET /js/jquery-ui-1.8.19.custom.min.js 304 - - 1 ms
GET /js/scripts.js 304 - - 2 ms
GET /images/bg.jpg 304 - - 1 ms
GET /images/mario_pic.jpg 304 - - 1 ms
GET /images/logo.png 304 - - 1 ms
GET /favicon.ico 304 - - 1 ms
GET /favicon.ico 304 - - 1 ms
GET /images/bg.jpg 304 - - 3 ms
GET /images/mario.png 200 1145 - 22 ms
GET / 200 3038 - 22 ms
GET /css/styles.css 200 6747 - 126 ms
GET /js/es5-shim.min.js 200 8286 - 56 ms
GET /images/mario_pic.jpg 200 10162 - 185 ms
GET /js/underscore-min.js 200 12140 - 257 ms
GET /js/jquery-ui-1.8.19.custom.min.js 200 28994 - 326 ms
GET /js/deferred.js 200 32623 - 342 ms
GET /js/jquery-1.7.2.min.js 200 94840 - 457 ms
GET /images/bg.jpg 200 47386 - 205 ms
GET /images/logo.png 200 17246 - 17 ms
GET /js/scripts.js 200 76550 - 426 ms
GET /favicon.ico 200 32038 - 5 ms
GET /favicon.ico 200 32038 - 1 ms
Service call: login
POST /ajax/login 200 57 - 3 ms
Service call: login
POST /ajax/login 200 30 - 4 ms
GET / 200 3069 - 7 ms
GET /css/styles.css 200 6747 - 6 ms
GET /js/es5-shim.min.js 200 8286 - 7 ms
GET /js/underscore-min.js 200 12140 - 6 ms
GET /images/mario_pic.jpg 200 10162 - 2 ms
GET /images/bg.jpg 200 47386 - 2 ms
GET /js/jquery-ui-1.8.19.custom.min.js 200 28994 - 197 ms
GET /js/deferred.js 200 32623 - 228 ms
GET /js/jquery-1.7.2.min.js 200 94840 - 310 ms
GET /images/logo.png 200 17246 - 161 ms
GET /js/scripts.js 200 76550 - 342 ms
GET /favicon.ico 200 32038 - 1 ms
GET /about 200 2133 - 8 ms
GET /css/styles.css 200 6747 - 10 ms
GET /js/es5-shim.min.js 200 8286 - 9 ms
GET /js/underscore-min.js 200 12140 - 8 ms
GET /images/me.jpg 200 17798 - 9 ms
GET /js/jquery-ui-1.8.19.custom.min.js 200 28994 - 118 ms
GET /images/bg.jpg 200 47386 - 1 ms
GET /images/logo.png 200 17246 - 1 ms
GET /js/deferred.js 200 32623 - 201 ms
GET /js/scripts.js 200 76550 - 295 ms
GET /js/jquery-1.7.2.min.js 200 94840 - 341 ms
GET /favicon.ico 200 32038 - 1 ms
GET /about/adm 200 1480 - 6 ms
GET /css/styles.css 200 6747 - 3 ms
GET /js/es5-shim.min.js 200 8286 - 2 ms
GET /js/underscore-min.js 200 12140 - 4 ms
GET /js/jquery-ui-1.8.19.custom.min.js 200 28994 - 135 ms
GET /images/logo.png 200 17246 - 2 ms
GET /images/bg.jpg 200 47386 - 3 ms
GET /js/deferred.js 200 32623 - 172 ms
GET /js/scripts.js 200 76550 - 265 ms
GET /js/jquery-1.7.2.min.js 200 94840 - 336 ms
GET /favicon.ico 200 32038 - 2 ms
GET / 200 3069 - 10 ms
GET /css/styles.css 200 6747 - 3 ms
GET /js/es5-shim.min.js 200 8286 - 1 ms
GET /js/underscore-min.js 200 12140 - 4 ms
GET /js/deferred.js 200 32623 - 4 ms
GET /images/mario_pic.jpg 200 10162 - 3 ms
GET /images/bg.jpg 200 47386 - 22 ms
GET /js/jquery-ui-1.8.19.custom.min.js 200 28994 - 168 ms
GET /images/logo.png 200 17246 - 2 ms
GET /js/scripts.js 200 76550 - 343 ms
GET /js/jquery-1.7.2.min.js 200 94840 - 407 ms
GET /favicon.ico 200 32038 - 1 ms
Service call: botName
GET /ajax/botName 200 28 - 8 ms
Service call: botNameCheck
GET /ajax/botNameCheck?challengeId=mario&name=first 200 30 - 8 ms
Service call: submitBot
POST /ajax/submitBot 200 16 - 67 ms
GET /challenges/mario 200 5539 - 48 ms
GET /css/styles.css 304 - - 1 ms
GET /js/es5-shim.min.js 304 - - 1 ms
GET /js/underscore-min.js 304 - - 1 ms
GET /images/mario_pic.jpg 304 - - 1 ms
GET /js/deferred.js 304 - - - ms
GET /js/jquery-1.7.2.min.js 304 - - 1 ms
GET /js/jquery-ui-1.8.19.custom.min.js 304 - - 1 ms
GET /js/scripts.js 304 - - 1 ms
GET /images/bg.jpg 304 - - - ms
GET /images/logo.png 304 - - 1 ms
GET /favicon.ico 304 - - 1 ms
GET /challenges/mario/practice 200 13785 - 27 ms
GET /css/styles.css 304 - - 3 ms
GET /js/es5-shim.min.js 304 - - 2 ms
GET /css/codemirror.css 304 - - 1 ms
GET /js/codemirror-min.js 304 - - 10 ms
GET /js/underscore-min.js 304 - - 2 ms
GET /js/deferred.js 304 - - 1 ms
GET /js/jquery-1.7.2.min.js 304 - - 1 ms
GET /js/jquery-ui-1.8.19.custom.min.js 304 - - - ms
GET /js/scripts.js 304 - - 1 ms
GET /images/bg.jpg 304 - - 1 ms
GET /images/logo.png 304 - - 1 ms
GET /favicon.ico 304 - - 1 ms
GET / 200 3539 - 21 ms
GET /css/styles.css 200 6747 - 20 ms
GET /js/es5-shim.min.js 200 8286 - 13 ms
GET /js/underscore-min.js 200 12140 - 195 ms
GET /js/jquery-ui-1.8.19.custom.min.js 200 28994 - 259 ms
GET /js/deferred.js 200 32623 - 346 ms
GET /images/mario_pic.jpg 200 10162 - 58 ms
GET /js/jquery-1.7.2.min.js 200 94840 - 358 ms
GET /images/logo.png 200 17246 - 98 ms
GET /js/scripts.js 200 76550 - 409 ms
GET /images/bg.jpg 200 47386 - 242 ms
GET /favicon.ico 200 32038 - 194 ms
GET /images/mario.png 304 - - 146 ms
GET /challenges 200 2082 - 37 ms
GET /css/styles.css 200 6747 - 36 ms
GET /js/es5-shim.min.js 200 8286 - 96 ms
GET /js/underscore-min.js 200 12140 - 318 ms
GET /images/mario_pic.jpg 200 10162 - 51 ms
GET /js/jquery-ui-1.8.19.custom.min.js 200 28994 - 362 ms
GET /js/deferred.js 200 32623 - 442 ms
GET /js/jquery-1.7.2.min.js 200 94840 - 523 ms
GET /images/bg.jpg 200 47386 - 273 ms
GET /images/logo.png 200 17246 - 285 ms
GET /js/scripts.js 200 76550 - 687 ms
GET /favicon.ico 200 32038 - 8 ms
GET /challenges/mario 200 5526 - 12 ms
GET /css/styles.css 200 6747 - 6 ms
GET /js/es5-shim.min.js 200 8286 - 5 ms
GET /js/underscore-min.js 200 12140 - 5 ms
GET /images/mario_pic.jpg 200 10162 - 2 ms
GET /js/jquery-ui-1.8.19.custom.min.js 200 28994 - 186 ms
GET /images/logo.png 200 17246 - 136 ms
GET /js/jquery-1.7.2.min.js 200 94840 - 344 ms
GET /images/bg.jpg 200 47386 - 193 ms
GET /js/scripts.js 200 76550 - 790 ms
GET /js/deferred.js 200 32623 - 879 ms
GET /favicon.ico 200 32038 - 232 ms
Service call: botName
GET /ajax/botName 200 33 - 8 ms
GET /challenges/mario/adm 200 3016 - 45 ms
GET /css/styles.css 200 6747 - 2 ms
GET /js/es5-shim.min.js 200 8286 - 6 ms
GET /js/underscore-min.js 200 12140 - 5 ms
GET /js/deferred.js 200 32623 - 6 ms
GET /images/logo.png 200 17246 - 1 ms
GET /js/jquery-ui-1.8.19.custom.min.js 200 28994 - 244 ms
GET /js/scripts.js 200 76550 - 272 ms
GET /js/jquery-1.7.2.min.js 200 94840 - 291 ms
GET /images/bg.jpg 200 47386 - 325 ms
GET /favicon.ico 200 32038 - 112 ms
Service call: botNameCheck
GET /ajax/botNameCheck?challengeId=mario&name=first 200 30 - 28 ms
Service call: submitBot
POST /ajax/submitBot 200 16 - 102 ms
GET /challenges/mario 200 5540 - 394 ms
GET /css/styles.css 304 - - 1 ms
GET /js/es5-shim.min.js 304 - - 1 ms
GET /js/underscore-min.js 304 - - 1 ms
GET /js/deferred.js 304 - - 1 ms
GET /js/jquery-1.7.2.min.js 304 - - 1 ms
GET /js/jquery-ui-1.8.19.custom.min.js 304 - - - ms
GET /js/scripts.js 304 - - 1 ms
GET /images/bg.jpg 304 - - 1 ms
GET /images/mario_pic.jpg 304 - - 1 ms
GET /images/logo.png 304 - - - ms
GET /favicon.ico 304 - - 1 ms
GET /sources/4fa21f74c69ec8eb5500002a 200 3335 - 42 ms
GET /css/styles.css 200 6747 - 1 ms
GET /js/es5-shim.min.js 200 8286 - 2 ms
GET /js/underscore-min.js 200 12140 - 1 ms
GET /js/deferred.js 200 32623 - 1 ms
GET /js/jquery-ui-1.8.19.custom.min.js 200 28994 - 191 ms
GET /js/scripts.js 200 76550 - 200 ms
GET /js/jquery-1.7.2.min.js 200 94840 - 344 ms
GET /images/bg.jpg 200 47386 - 333 ms
GET /favicon.ico 200 32038 - 123 ms
GET / 200 3550 - 14 ms
GET /js/es5-shim.min.js 304 - - 3 ms
GET /js/underscore-min.js 304 - - 2 ms
GET /js/deferred.js 304 - - 1 ms
GET /js/jquery-1.7.2.min.js 304 - - 1 ms
GET /js/jquery-ui-1.8.19.custom.min.js 304 - - 1 ms
GET /js/scripts.js 304 - - 1 ms
GET /css/styles.css 304 - - 1 ms
GET /images/bg.jpg 304 - - 2 ms
GET /images/mario_pic.jpg 304 - - 1 ms
GET /images/logo.png 304 - - - ms
GET /favicon.ico 304 - - - ms
GET /challenges 200 2094 - 8 ms
GET /css/styles.css 304 - - 2 ms
GET /js/es5-shim.min.js 304 - - 2 ms
GET /js/underscore-min.js 304 - - - ms
GET /js/deferred.js 304 - - 1 ms
GET /js/jquery-1.7.2.min.js 304 - - 1 ms
GET /js/jquery-ui-1.8.19.custom.min.js 304 - - - ms
GET /js/scripts.js 304 - - 1 ms
GET /images/mario_pic.jpg 304 - - 2 ms
GET /images/logo.png 304 - - 2 ms
GET /images/bg.jpg 304 - - 2 ms
GET /favicon.ico 304 - - - ms
GET /scores 200 1961 - 178 ms
GET /css/styles.css 304 - - 4 ms
GET /js/es5-shim.min.js 304 - - 3 ms
GET /js/underscore-min.js 304 - - 3 ms
GET /js/deferred.js 304 - - 3 ms
GET /js/jquery-1.7.2.min.js 304 - - 3 ms
GET /js/jquery-ui-1.8.19.custom.min.js 304 - - 2 ms
GET /js/scripts.js 304 - - 1 ms
GET /images/bg.jpg 304 - - 1 ms
GET /images/logo.png 304 - - 1 ms
GET /favicon.ico 304 - - 1 ms
GET /challenges 200 2094 - 5 ms
GET /css/styles.css 304 - - 2 ms
GET /js/es5-shim.min.js 304 - - 1 ms
GET /js/underscore-min.js 304 - - 1 ms
GET /js/deferred.js 304 - - 1 ms
GET /js/jquery-1.7.2.min.js 304 - - 1 ms
GET /js/jquery-ui-1.8.19.custom.min.js 304 - - 1 ms
GET /js/scripts.js 304 - - 1 ms
GET /images/bg.jpg 304 - - 1 ms
GET /images/mario_pic.jpg 304 - - 1 ms
GET /images/logo.png 304 - - 1 ms
GET /favicon.ico 304 - - 1 ms
GET / 200 3550 - 6 ms
GET /css/styles.css 304 - - 1 ms
GET /js/es5-shim.min.js 304 - - 1 ms
GET /js/underscore-min.js 304 - - - ms
GET /js/deferred.js 304 - - - ms
GET /js/jquery-1.7.2.min.js 304 - - - ms
GET /js/jquery-ui-1.8.19.custom.min.js 304 - - - ms
GET /js/scripts.js 304 - - 1 ms
GET /images/bg.jpg 304 - - - ms
GET /images/mario_pic.jpg 304 - - - ms
GET /images/logo.png 304 - - - ms
GET /favicon.ico 304 - - 1 ms
GET /challenges/mario 200 5538 - 6 ms
GET /css/styles.css 304 - - 1 ms
GET /js/es5-shim.min.js 304 - - 1 ms
GET /js/underscore-min.js 304 - - 1 ms
GET /js/deferred.js 304 - - 1 ms
GET /js/jquery-1.7.2.min.js 304 - - - ms
GET /js/jquery-ui-1.8.19.custom.min.js 304 - - 1 ms
GET /js/scripts.js 304 - - 1 ms
GET /images/bg.jpg 304 - - - ms
GET /images/mario_pic.jpg 304 - - 1 ms
GET /images/logo.png 304 - - 1 ms
GET /favicon.ico 304 - - 1 ms
GET /challenges/mario/practice 200 14278 - 8 ms
GET /css/styles.css 304 - - 1 ms
GET /js/es5-shim.min.js 304 - - 1 ms
GET /css/codemirror.css 304 - - - ms
GET /js/codemirror-min.js 304 - - - ms
GET /images/bg.jpg 304 - - 1 ms
GET /images/logo.png 304 - - 1 ms
GET /js/underscore-min.js 304 - - 1 ms
GET /js/deferred.js 304 - - 1 ms
GET /js/jquery-1.7.2.min.js 304 - - 1 ms
GET /js/jquery-ui-1.8.19.custom.min.js 304 - - 1 ms
GET /js/scripts.js 304 - - - ms
GET /favicon.ico 304 - - 1 ms
GET /images/mario.png 304 - - 3 ms
GET /sources/4fa21f74c69ec8eb5500002a 200 3334 - 11 ms
GET /css/styles.css 200 6747 - 8 ms
GET /js/deferred.js 200 32623 - 8 ms
GET /js/es5-shim.min.js 200 8286 - 7 ms
GET /js/underscore-min.js 200 12140 - 6 ms
GET /js/jquery-ui-1.8.19.custom.min.js 200 28994 - 147 ms
GET /js/scripts.js 200 76550 - 203 ms
GET /images/bg.jpg 200 47386 - 283 ms
GET /js/jquery-1.7.2.min.js 200 94840 - 715 ms
GET /favicon.ico 200 32038 - 177 ms
GET /favicon.ico 200 32038 - 251 ms
GET /challenges/mario 200 5526 - 57 ms
GET /css/styles.css 200 6747 - 2 ms
GET /js/es5-shim.min.js 200 8286 - 2 ms
GET /js/underscore-min.js 200 12140 - 172 ms
GET /js/jquery-ui-1.8.19.custom.min.js 200 28994 - 254 ms
GET /images/logo.png 200 17246 - 90 ms
GET /images/mario_pic.jpg 200 10162 - 109 ms
GET /js/deferred.js 200 32623 - 345 ms
GET /images/bg.jpg 200 47386 - 247 ms
GET /js/jquery-1.7.2.min.js 200 94840 - 442 ms
GET /js/scripts.js 200 76550 - 605 ms
GET /favicon.ico 200 32038 - 1 ms
GET /challenges/mario/practice 200 9140 - 12 ms
GET /css/styles.css 200 6747 - 7 ms
GET /js/es5-shim.min.js 200 8286 - 7 ms
GET /js/underscore-min.js 200 12140 - 5 ms
GET /css/codemirror.css 200 5050 - 19 ms
GET /images/bg.jpg 200 47386 - 2 ms
GET /js/deferred.js 200 32623 - 183 ms
GET /images/logo.png 200 17246 - 104 ms
GET /js/codemirror-min.js 200 58914 - 308 ms
GET /js/jquery-1.7.2.min.js 200 94840 - 328 ms
GET /js/jquery-ui-1.8.19.custom.min.js 200 28994 - 274 ms
GET /js/scripts.js 200 76550 - 333 ms
GET /favicon.ico 200 32038 - 1 ms
GET /images/mario.png 200 1145 - 10 ms
GET /challenges/mario/adm 200 3015 - 14 ms
GET /css/styles.css 200 6747 - 8 ms
GET /js/es5-shim.min.js 200 8286 - 7 ms
GET /js/jquery-ui-1.8.19.custom.min.js 200 28994 - 7 ms
GET /js/underscore-min.js 200 12140 - 7 ms
GET /js/deferred.js 200 32623 - 168 ms
GET /images/logo.png 200 17246 - 1 ms
GET /js/scripts.js 200 76550 - 290 ms
GET /images/bg.jpg 200 47386 - 210 ms
GET /js/jquery-1.7.2.min.js 200 94840 - 586 ms
GET /favicon.ico 200 32038 - 1 ms
GET /sources/4fa221f0c69ec8eb55000034 200 3581 - 6 ms
GET /css/styles.css 200 6747 - 7 ms
GET /js/es5-shim.min.js 200 8286 - 7 ms
GET /js/deferred.js 200 32623 - 7 ms
GET /js/underscore-min.js 200 12140 - 6 ms
GET /js/jquery-ui-1.8.19.custom.min.js 200 28994 - 183 ms
GET /js/scripts.js 200 76550 - 229 ms
GET /images/bg.jpg 200 47386 - 199 ms
GET /js/jquery-1.7.2.min.js 200 94840 - 352 ms
GET /favicon.ico 200 32038 - 2 ms
GET / 200 3539 - 300 ms
GET /css/styles.css 200 6747 - 108 ms
GET /js/es5-shim.min.js 200 8286 - 48 ms
GET /js/underscore-min.js 200 12140 - 218 ms
GET /js/jquery-ui-1.8.19.custom.min.js 200 28994 - 290 ms
GET /images/logo.png 200 17246 - 84 ms
GET /images/mario_pic.jpg 200 10162 - 157 ms
GET /js/jquery-1.7.2.min.js 200 94840 - 499 ms
GET /images/bg.jpg 200 47386 - 295 ms
GET /js/deferred.js 200 32623 - 605 ms
GET /js/scripts.js 200 76550 - 993 ms
GET /favicon.ico 200 32038 - 223 ms
GET /scores 200 1949 - 9 ms
GET /css/styles.css 200 6747 - 21 ms
GET /js/deferred.js 200 32623 - 19 ms
GET /js/es5-shim.min.js 200 8286 - 21 ms
GET /js/underscore-min.js 200 12140 - 3 ms
GET /images/logo.png 200 17246 - 39 ms
GET /js/jquery-ui-1.8.19.custom.min.js 200 28994 - 218 ms
GET /js/scripts.js 200 76550 - 291 ms
GET /js/jquery-1.7.2.min.js 200 94840 - 355 ms
GET /images/bg.jpg 200 47386 - 363 ms
GET /favicon.ico 200 32038 - 8 ms
Service call: getScores
GET /ajax/getScores?challenge=mario 200 120 - 5 ms
GET /favicon.ico 200 32038 - 279 ms
GET /replays 200 1909 - 5 ms
GET /css/styles.css 200 6747 - 6 ms
GET /js/es5-shim.min.js 200 8286 - 7 ms
GET /js/underscore-min.js 200 12140 - 6 ms
GET /images/logo.png 200 17246 - 1 ms
GET /js/jquery-ui-1.8.19.custom.min.js 200 28994 - 199 ms
GET /js/deferred.js 200 32623 - 203 ms
GET /js/scripts.js 200 76550 - 268 ms
GET /js/jquery-1.7.2.min.js 200 94840 - 339 ms
GET /images/bg.jpg 200 47386 - 417 ms
GET /favicon.ico 200 32038 - 1 ms
Service call: replaysList
GET /ajax/replaysList?challenge=mario 200 28 - 39 ms
GET / 200 3539 - 33 ms
GET /css/styles.css 200 6747 - 8 ms
GET /js/es5-shim.min.js 200 8286 - 6 ms
GET /js/underscore-min.js 200 12140 - 161 ms
GET /js/deferred.js 200 32623 - 306 ms
GET /js/jquery-ui-1.8.19.custom.min.js 200 28994 - 316 ms
GET /images/logo.png 200 17246 - 49 ms
GET /images/mario_pic.jpg 200 10162 - 94 ms
GET /js/jquery-1.7.2.min.js 200 94840 - 432 ms
GET /js/scripts.js 200 76550 - 454 ms
GET /images/bg.jpg 200 47386 - 227 ms
GET /favicon.ico 200 32038 - 101 ms
GET / 200 3539 - 17 ms
GET /js/es5-shim.min.js 200 8286 - 243 ms
GET /css/styles.css 200 6747 - 266 ms
GET /js/underscore-min.js 200 12140 - 356 ms
GET /js/jquery-ui-1.8.19.custom.min.js 200 28994 - 472 ms
GET /js/deferred.js 200 32623 - 499 ms
GET /images/mario_pic.jpg 200 10162 - 63 ms
GET /images/logo.png 200 17246 - 79 ms
GET /js/jquery-1.7.2.min.js 200 94840 - 653 ms
GET /js/scripts.js 200 76550 - 630 ms
GET /images/bg.jpg 200 47386 - 241 ms
GET /favicon.ico 200 32038 - 92 ms
GET / 200 3539 - 47 ms
GET /css/styles.css 200 6747 - 32 ms
GET /js/es5-shim.min.js 200 8286 - 28 ms
GET /js/underscore-min.js 200 12140 - 178 ms
GET /js/deferred.js 200 32623 - 290 ms
GET /js/jquery-ui-1.8.19.custom.min.js 200 28994 - 303 ms
GET /images/mario_pic.jpg 200 10162 - 65 ms
GET /images/logo.png 200 17246 - 62 ms
GET /js/scripts.js 200 76550 - 412 ms
GET /js/jquery-1.7.2.min.js 200 94840 - 446 ms
GET /images/bg.jpg 200 47386 - 269 ms
GET /favicon.ico 200 32038 - 266 ms
GET /about 200 2133 - 4 ms
GET /css/styles.css 200 6747 - 3 ms
GET /js/es5-shim.min.js 200 8286 - 5 ms
GET /js/underscore-min.js 200 12140 - 2 ms
GET /images/me.jpg 200 17798 - 3 ms
GET /js/jquery-ui-1.8.19.custom.min.js 200 28994 - 129 ms
GET /js/deferred.js 200 32623 - 184 ms
GET /images/logo.png 200 17246 - 2 ms
GET /js/jquery-1.7.2.min.js 200 94840 - 304 ms
GET /js/scripts.js 200 76550 - 234 ms
GET /images/bg.jpg 200 47386 - 270 ms
GET /favicon.ico 200 32038 - 184 ms
GET /about/adm 200 1480 - 4 ms
GET /css/styles.css 200 6747 - 12 ms
GET /js/es5-shim.min.js 200 8286 - 11 ms
GET /js/underscore-min.js 200 12140 - 11 ms
GET /js/jquery-ui-1.8.19.custom.min.js 200 28994 - 160 ms
GET /images/logo.png 200 17246 - 2 ms
GET /js/deferred.js 200 32623 - 227 ms
GET /js/scripts.js 200 76550 - 317 ms
GET /js/jquery-1.7.2.min.js 200 94840 - 349 ms
GET /images/bg.jpg 200 47386 - 324 ms
GET /favicon.ico 200 32038 - 1 ms
Service call: botName
GET /ajax/botName 200 33 - 24 ms
Service call: botNameCheck
GET /ajax/botNameCheck?challengeId=mario&name=first 200 30 - 5 ms
Service call: submitBot
POST /ajax/submitBot 200 16 - 50 ms
GET /challenges/mario 200 5538 - 21 ms
GET /css/styles.css 304 - - 1 ms
GET /js/es5-shim.min.js 304 - - 1 ms
GET /js/underscore-min.js 304 - - - ms
GET /js/deferred.js 304 - - 1 ms
GET /js/jquery-1.7.2.min.js 304 - - - ms
GET /js/jquery-ui-1.8.19.custom.min.js 304 - - - ms
GET /js/scripts.js 304 - - - ms
GET /images/mario_pic.jpg 304 - - 1 ms
GET /images/bg.jpg 304 - - 1 ms
GET /images/logo.png 304 - - 1 ms
GET /favicon.ico 304 - - 1 ms
GET / 200 3551 - 19 ms
GET /css/styles.css 304 - - 3 ms
GET /js/es5-shim.min.js 304 - - 2 ms
GET /js/underscore-min.js 304 - - 1 ms
GET /js/deferred.js 304 - - 1 ms
GET /js/jquery-1.7.2.min.js 304 - - 2 ms
GET /js/jquery-ui-1.8.19.custom.min.js 304 - - 1 ms
GET /js/scripts.js 304 - - 1 ms
GET /images/bg.jpg 304 - - 1 ms
GET /images/mario_pic.jpg 304 - - 1 ms
GET /images/logo.png 304 - - 1 ms
GET /favicon.ico 304 - - 1 ms
GET /about 200 2151 - 8 ms
GET /css/styles.css 304 - - 2 ms
GET /js/es5-shim.min.js 304 - - 1 ms
GET /js/underscore-min.js 304 - - 1 ms
GET /js/deferred.js 304 - - 1 ms
GET /js/jquery-1.7.2.min.js 304 - - 1 ms
GET /js/jquery-ui-1.8.19.custom.min.js 304 - - 1 ms
GET /js/scripts.js 304 - - 1 ms
GET /images/bg.jpg 304 - - 1 ms
GET /images/me.jpg 304 - - 1 ms
GET /images/logo.png 304 - - 1 ms
GET /favicon.ico 304 - - 1 ms
GET / 200 3539 - 49 ms
GET /css/styles.css 200 6747 - 14 ms
GET /js/es5-shim.min.js 200 8286 - 7 ms
GET /js/underscore-min.js 200 12140 - 123 ms
GET /images/mario_pic.jpg 200 10162 - 150 ms
GET /js/jquery-ui-1.8.19.custom.min.js 200 28994 - 250 ms
GET /js/deferred.js 200 32623 - 264 ms
GET /js/scripts.js 200 76550 - 365 ms
GET /js/jquery-1.7.2.min.js 200 94840 - 428 ms
GET /images/bg.jpg 200 47386 - 266 ms
GET /images/logo.png 200 17246 - 96 ms
GET /favicon.ico 200 32038 - 5 ms
GET /challenges/mario 200 5526 - 14 ms
GET /css/styles.css 200 6747 - 8 ms
GET /js/es5-shim.min.js 200 8286 - 6 ms
GET /js/underscore-min.js 200 12140 - 7 ms
GET /images/logo.png 200 17246 - 1 ms
GET /js/deferred.js 200 32623 - 187 ms
GET /js/jquery-ui-1.8.19.custom.min.js 200 28994 - 218 ms
GET /images/mario_pic.jpg 200 10162 - 100 ms
GET /js/scripts.js 200 76550 - 312 ms
GET /js/jquery-1.7.2.min.js 200 94840 - 315 ms
GET /images/bg.jpg 200 47386 - 258 ms
GET /favicon.ico 200 32038 - 2 ms
GET /challenges/mario/adm 200 3015 - 9 ms
GET /css/styles.css 200 6747 - 1 ms
GET /js/es5-shim.min.js 200 8286 - 4 ms
GET /js/underscore-min.js 200 12140 - 6 ms
GET /js/deferred.js 200 32623 - 5 ms
GET /images/logo.png 200 17246 - 1 ms
GET /js/jquery-ui-1.8.19.custom.min.js 200 28994 - 191 ms
GET /js/jquery-1.7.2.min.js 200 94840 - 309 ms
GET /js/scripts.js 200 76550 - 312 ms
GET /images/bg.jpg 200 47386 - 248 ms
GET /favicon.ico 200 32038 - 1 ms
GET /sources/4fa23148c69ec8eb55000053 200 3998 - 5 ms
GET /css/styles.css 200 6747 - 1 ms
GET /js/es5-shim.min.js 200 8286 - 2 ms
GET /js/underscore-min.js 200 12140 - 2 ms
GET /js/deferred.js 200 32623 - 2 ms
GET /js/jquery-ui-1.8.19.custom.min.js 200 28994 - 3 ms
GET /js/scripts.js 200 76550 - 285 ms
GET /images/bg.jpg 200 47386 - 224 ms
GET /js/jquery-1.7.2.min.js 200 94840 - 566 ms
GET /favicon.ico 200 32038 - 2 ms
GET / 200 3507 - 8 ms
GET /css/styles.css 200 6747 - 3 ms
GET /js/es5-shim.min.js 200 8286 - 2 ms
GET /js/underscore-min.js 200 12140 - 138 ms
GET /js/deferred.js 200 32623 - 263 ms
GET /js/jquery-ui-1.8.19.custom.min.js 200 28994 - 292 ms
GET /images/logo.png 200 17246 - 55 ms
GET /js/jquery-1.7.2.min.js 200 94840 - 395 ms
GET /images/mario_pic.jpg 200 10162 - 1 ms
GET /js/scripts.js 200 76550 - 318 ms
GET /images/bg.jpg 200 47386 - 630 ms
GET /favicon.ico 200 32038 - 180 ms
GET /challenges/mario 200 5495 - 5 ms
GET /css/styles.css 200 6747 - 1 ms
GET /js/es5-shim.min.js 200 8286 - 2 ms
GET /js/underscore-min.js 200 12140 - 2 ms
GET /js/deferred.js 200 32623 - 1 ms
GET /js/jquery-ui-1.8.19.custom.min.js 200 28994 - 189 ms
GET /images/logo.png 200 17246 - 1 ms
GET /images/mario_pic.jpg 200 10162 - 2 ms
GET /js/jquery-1.7.2.min.js 200 94840 - 327 ms
GET /js/scripts.js 200 76550 - 280 ms
GET /images/bg.jpg 200 47386 - 263 ms
GET /challenges/mario/practice 200 9109 - 3 ms
GET /css/styles.css 200 6747 - 2 ms
GET /js/es5-shim.min.js 200 8286 - 1 ms
GET /js/underscore-min.js 200 12140 - 2 ms
GET /css/codemirror.css 200 5050 - 32 ms
GET /js/jquery-ui-1.8.19.custom.min.js 200 28994 - 1 ms
GET /js/deferred.js 200 32623 - 207 ms
GET /images/bg.jpg 200 47386 - 2 ms
GET /js/codemirror-min.js 200 58914 - 278 ms
GET /images/logo.png 200 17246 - 1 ms
GET /js/scripts.js 200 76550 - 250 ms
GET /js/jquery-1.7.2.min.js 200 94840 - 569 ms
GET /images/mario.png 200 1145 - 23 ms
GET /images/bg.jpg 200 47386 - 302 ms
GET /images/mario.png 200 1145 - 25 ms
GET /images/mario.png 200 1145 - 3 ms
GET /images/mario.png 200 1145 - 4 ms
GET / 200 3508 - 14 ms
GET /css/styles.css 200 6747 - 10 ms
GET /js/es5-shim.min.js 200 8286 - 17 ms
GET /js/underscore-min.js 200 12140 - 71 ms
GET /favicon.ico 200 32038 - 43 ms
GET /js/jquery-ui-1.8.19.custom.min.js 200 28994 - 139 ms
GET /js/deferred.js 200 32623 - 154 ms
GET /images/mario_pic.jpg 200 10162 - 1 ms
GET /images/bg.jpg 200 47386 - 139 ms
GET /js/scripts.js 200 76550 - 194 ms
GET /images/logo.png 200 17246 - 2 ms
GET /js/jquery-1.7.2.min.js 200 94840 - 281 ms
GET /js/jquery-ui-1.8.19.custom.min.js 304 - - 2 ms
GET /js/scripts.js 304 - - 1 ms
GET /replays 200 1878 - 14 ms
GET /css/styles.css 304 - - 2 ms
GET /js/es5-shim.min.js 304 - - 1 ms
GET /js/underscore-min.js 304 - - 1 ms
GET /js/deferred.js 304 - - 2 ms
GET /js/jquery-1.7.2.min.js 304 - - 1 ms
GET /js/jquery-ui-1.8.19.custom.min.js 304 - - 1 ms
GET /js/scripts.js 304 - - 1 ms
GET /images/bg.jpg 304 - - 1 ms
GET /images/logo.png 304 - - - ms
GET /js/underscore-min.js 304 - - - ms
GET /js/deferred.js 304 - - 1 ms
GET /js/jquery-1.7.2.min.js 304 - - 1 ms
GET /js/jquery-ui-1.8.19.custom.min.js 304 - - 1 ms
GET /js/scripts.js 304 - - 1 ms
Service call: replaysList
GET /ajax/replaysList?challenge=mario 200 28 - 6 ms
GET / 200 3508 - 28 ms
GET /css/styles.css 200 6747 - 25 ms
GET /js/es5-shim.min.js 200 8286 - 25 ms
GET /js/underscore-min.js 200 12140 - 72 ms
GET /js/deferred.js 200 32623 - 124 ms
GET /js/jquery-ui-1.8.19.custom.min.js 200 28994 - 143 ms
GET /images/logo.png 200 17246 - 30 ms
GET /js/scripts.js 200 76550 - 124 ms
GET /images/mario_pic.jpg 200 10162 - 1 ms
GET /js/jquery-1.7.2.min.js 200 94840 - 190 ms
GET /images/bg.jpg 200 47386 - 99 ms
GET /favicon.ico 200 32038 - 33 ms
GET /images/bg.jpg 304 - - 1 ms
Service call: login
POST /ajax/login 200 30 - 6 ms
GET / 200 3550 - 10 ms
GET /css/styles.css 304 - - 2 ms
GET /js/es5-shim.min.js 304 - - 2 ms
GET /js/underscore-min.js 304 - - 1 ms
GET /js/jquery-1.7.2.min.js 304 - - 1 ms
GET /js/jquery-ui-1.8.19.custom.min.js 304 - - 1 ms
GET /js/deferred.js 304 - - - ms
GET /js/scripts.js 304 - - 1 ms
GET /images/bg.jpg 304 - - 1 ms
GET /images/logo.png 304 - - 1 ms
GET /images/mario_pic.jpg 304 - - 1 ms
GET /about 200 2151 - 8 ms
GET /css/styles.css 304 - - 1 ms
GET /js/es5-shim.min.js 304 - - 3 ms
GET /js/underscore-min.js 304 - - 2 ms
GET /js/deferred.js 304 - - 2 ms
GET /js/jquery-1.7.2.min.js 304 - - 2 ms
GET /js/jquery-ui-1.8.19.custom.min.js 304 - - 1 ms
GET /js/scripts.js 304 - - 1 ms
GET /images/bg.jpg 304 - - 1 ms
GET /images/logo.png 304 - - 1 ms
GET /images/me.jpg 200 17798 - 19 ms
Service call: feedback
POST /ajax/feedback 200 16 - 31 ms
GET /images/bg.jpg 304 - - 2 ms
GET / 200 3550 - 8 ms
GET /js/es5-shim.min.js 304 - - 4 ms
GET /js/underscore-min.js 304 - - 4 ms
GET /js/deferred.js 304 - - 4 ms
GET /css/styles.css 304 - - 4 ms
GET /js/jquery-1.7.2.min.js 304 - - 3 ms
GET /js/jquery-ui-1.8.19.custom.min.js 304 - - 3 ms
GET /js/scripts.js 304 - - 1 ms
GET /images/bg.jpg 304 - - 2 ms
GET /images/mario_pic.jpg 304 - - 2 ms
GET /images/logo.png 304 - - 1 ms
GET /about 200 2151 - 4 ms
GET /css/styles.css 304 - - 4 ms
GET /js/es5-shim.min.js 304 - - 6 ms
GET /js/underscore-min.js 304 - - 6 ms
GET /js/deferred.js 304 - - 6 ms
GET /js/jquery-1.7.2.min.js 304 - - 5 ms
GET /js/jquery-ui-1.8.19.custom.min.js 304 - - 5 ms
GET /js/scripts.js 304 - - 1 ms
GET /images/bg.jpg 304 - - 4 ms
GET /images/me.jpg 304 - - 4 ms
GET /images/logo.png 304 - - 7 ms
GET /challenges 200 2094 - 9 ms
GET /css/styles.css 304 - - 5 ms
GET /js/es5-shim.min.js 304 - - 5 ms
GET /js/underscore-min.js 304 - - 5 ms
GET /js/deferred.js 304 - - 3 ms
GET /js/jquery-1.7.2.min.js 304 - - 3 ms
GET /js/jquery-ui-1.8.19.custom.min.js 304 - - 3 ms
GET /js/scripts.js 304 - - 1 ms
GET /images/bg.jpg 304 - - 1 ms
GET /images/logo.png 304 - - 1 ms
GET /images/mario_pic.jpg 304 - - 1 ms
GET /challenges/mario 200 5538 - 10 ms
GET /js/es5-shim.min.js 304 - - 1 ms
GET /css/styles.css 304 - - 1 ms
GET /js/underscore-min.js 304 - - 1 ms
GET /js/deferred.js 304 - - 2 ms
GET /js/jquery-ui-1.8.19.custom.min.js 304 - - 1 ms
GET /js/jquery-1.7.2.min.js 304 - - 1 ms
GET /js/scripts.js 304 - - 1 ms
GET /images/logo.png 304 - - 1 ms
GET /images/bg.jpg 304 - - 1 ms
GET /images/mario_pic.jpg 304 - - - ms
GET /challenges/mario/practice 200 15112 - 8 ms
GET /css/styles.css 304 - - 1 ms
GET /js/es5-shim.min.js 304 - - 2 ms
GET /js/deferred.js 304 - - 2 ms
GET /js/underscore-min.js 304 - - 3 ms
GET /js/jquery-1.7.2.min.js 304 - - 2 ms
GET /js/jquery-ui-1.8.19.custom.min.js 304 - - 2 ms
GET /css/codemirror.css 200 5050 - 41 ms
GET /js/scripts.js 304 - - 2 ms
GET /images/bg.jpg 304 - - 1 ms
GET /images/logo.png 304 - - 1 ms
GET /js/codemirror-min.js 200 58914 - 276 ms
GET /images/bg.jpg 304 - - 2 ms
GET /images/mario.png 200 1145 - 17 ms
GET / 200 3507 - 7 ms
GET /css/styles.css 200 6747 - 28 ms
GET /js/es5-shim.min.js 200 8286 - 17 ms
GET /images/mario_pic.jpg 200 10162 - 22 ms
GET /js/underscore-min.js 200 12140 - 81 ms
GET /js/deferred.js 200 32623 - 161 ms
GET /js/jquery-ui-1.8.19.custom.min.js 200 28994 - 124 ms
GET /images/bg.jpg 200 47386 - 123 ms
GET /js/scripts.js 200 76550 - 161 ms
GET /js/jquery-1.7.2.min.js 200 94840 - 296 ms
GET /images/logo.png 200 17246 - 79 ms
GET /favicon.ico 200 32038 - 90 ms
GET /challenges/mario 200 5495 - 6 ms
GET /js/underscore-min.js 304 - - 2 ms
GET /css/styles.css 304 - - 4 ms
GET /js/jquery-1.7.2.min.js 304 - - 3 ms
GET /js/deferred.js 304 - - 2 ms
GET /js/es5-shim.min.js 304 - - 2 ms
GET /js/jquery-ui-1.8.19.custom.min.js 304 - - 2 ms
GET /js/scripts.js 304 - - 1 ms
GET /images/bg.jpg 304 - - 1 ms
GET /images/mario_pic.jpg 304 - - 1 ms
GET /images/logo.png 304 - - 1 ms
GET /favicon.ico 304 - - 1 ms
Service call: login
POST /ajax/login 200 30 - 99 ms
GET /challenges/mario 200 5538 - 9 ms
GET /js/jquery-1.7.2.min.js 304 - - 1 ms
GET /js/deferred.js 304 - - 3 ms
GET /js/es5-shim.min.js 304 - - 2 ms
GET /js/underscore-min.js 304 - - 2 ms
GET /js/jquery-ui-1.8.19.custom.min.js 304 - - 2 ms
GET /css/styles.css 304 - - - ms
GET /js/scripts.js 304 - - 1 ms
GET /images/bg.jpg 304 - - 3 ms
GET /images/mario_pic.jpg 304 - - 2 ms
GET /images/logo.png 304 - - 1 ms
GET /favicon.ico 304 - - 1 ms
GET /challenges/mario/practice 200 15112 - 9 ms
GET /js/es5-shim.min.js 304 - - 2 ms
GET /css/styles.css 304 - - - ms
GET /js/jquery-1.7.2.min.js 304 - - 2 ms
GET /js/jquery-ui-1.8.19.custom.min.js 304 - - 2 ms
GET /js/underscore-min.js 304 - - 2 ms
GET /js/deferred.js 304 - - 2 ms
GET /js/scripts.js 304 - - 1 ms
GET /css/codemirror.css 200 5050 - 95 ms
GET /images/logo.png 304 - - 2 ms
GET /images/bg.jpg 304 - - 1 ms
GET /js/codemirror-min.js 200 58914 - 343 ms
GET /favicon.ico 304 - - 1 ms
GET /images/mario.png 200 1145 - 2 ms
GET /images/mario.png 304 - - 3 ms
GET /images/mario.png 304 - - 3 ms
GET /images/mario.png 304 - - 2 ms
GET / 200 3508 - 15 ms
GET /css/styles.css 200 6747 - 15 ms
GET /js/es5-shim.min.js 200 8286 - 73 ms
GET /js/underscore-min.js 200 12140 - 132 ms
GET /js/jquery-ui-1.8.19.custom.min.js 200 28994 - 250 ms
GET /js/deferred.js 200 32623 - 268 ms
GET /images/mario_pic.jpg 200 10162 - 6 ms
GET /js/jquery-1.7.2.min.js 200 94840 - 377 ms
GET /images/logo.png 200 17246 - 113 ms
GET /js/scripts.js 200 76550 - 355 ms
GET /images/bg.jpg 200 47386 - 996 ms
GET /images/mario.png 304 - - 25 ms
GET /images/mario.png 304 - - 2 ms
GET /images/mario.png 304 - - 4 ms
GET /images/mario.png 304 - - 3 ms
GET /images/mario.png 304 - - 3 ms
GET /images/mario.png 304 - - 3 ms
Service call: botName
GET /ajax/botName 200 33 - 71 ms
Service call: botNameCheck
GET /ajax/botNameCheck?challengeId=mario&name=first 200 30 - 73 ms
Service call: submitBot
POST /ajax/submitBot 200 16 - 190 ms
GET /challenges/mario 200 5539 - 56 ms
GET /css/styles.css 304 - - 16 ms
GET /js/es5-shim.min.js 304 - - 1 ms
GET /js/underscore-min.js 304 - - 1 ms
GET /js/jquery-1.7.2.min.js 304 - - 1 ms
GET /js/deferred.js 304 - - 1 ms
GET /js/jquery-ui-1.8.19.custom.min.js 304 - - 1 ms
GET /js/scripts.js 304 - - 1 ms
GET /images/bg.jpg 304 - - 1 ms
GET /images/logo.png 304 - - 3 ms
GET /images/mario_pic.jpg 304 - - 2 ms
GET /challenges/mario/practice 200 15162 - 8 ms
GET /css/styles.css 304 - - 2 ms
GET /js/es5-shim.min.js 304 - - 109 ms
GET /js/codemirror-min.js 304 - - 109 ms
GET /css/codemirror.css 304 - - 2 ms
GET /js/underscore-min.js 304 - - 12 ms
GET /js/deferred.js 304 - - 13 ms
GET /js/jquery-1.7.2.min.js 304 - - 12 ms
GET /js/jquery-ui-1.8.19.custom.min.js 304 - - 1 ms
GET /js/scripts.js 304 - - 2 ms
GET /images/bg.jpg 304 - - 1 ms
GET /images/logo.png 304 - - 1 ms
GET /images/bg.jpg 304 - - 3 ms
GET /images/mario.png 304 - - 3 ms
GET /images/mario.png 304 - - 3 ms
GET /images/mario.png 304 - - 2 ms
GET /images/mario.png 304 - - 3 ms
GET / 200 3508 - 18 ms
GET /css/styles.css 200 6747 - 20 ms
GET /js/es5-shim.min.js 200 8286 - 12 ms
GET /js/underscore-min.js 200 12140 - 192 ms
GET /js/deferred.js 200 32623 - 239 ms
GET /js/jquery-ui-1.8.19.custom.min.js 200 28994 - 286 ms
GET /images/logo.png 200 17246 - 46 ms
GET /images/mario_pic.jpg 200 10162 - 2 ms
GET /js/scripts.js 200 76550 - 283 ms
GET /js/jquery-1.7.2.min.js 200 94840 - 421 ms
GET /images/bg.jpg 200 47386 - 216 ms
GET /favicon.ico 200 32038 - 20 ms
GET / 200 3507 - 7 ms
GET /css/styles.css 200 6747 - 8 ms
GET /js/es5-shim.min.js 200 8286 - 7 ms
GET /js/underscore-min.js 200 12140 - 6 ms
GET /images/logo.png 200 17246 - 2 ms
GET /js/jquery-ui-1.8.19.custom.min.js 200 28994 - 220 ms
GET /js/deferred.js 200 32623 - 224 ms
GET /images/bg.jpg 200 47386 - 144 ms
GET /images/mario_pic.jpg 200 10162 - 1 ms
GET /js/jquery-1.7.2.min.js 200 94840 - 336 ms
GET /js/scripts.js 200 76550 - 266 ms
GET /favicon.ico 200 32038 - 1 ms
GET / 200 3507 - 5 ms
GET /css/styles.css 200 6747 - 2 ms
GET /js/es5-shim.min.js 200 8286 - 2 ms
GET /js/underscore-min.js 200 12140 - 4 ms
GET /js/deferred.js 200 32623 - 4 ms
GET /js/jquery-ui-1.8.19.custom.min.js 200 28994 - 205 ms
GET /images/logo.png 200 17246 - 1 ms
GET /images/mario_pic.jpg 200 10162 - 1 ms
GET /js/jquery-1.7.2.min.js 200 94840 - 342 ms
GET /js/scripts.js 200 76550 - 270 ms
GET /images/bg.jpg 200 47386 - 199 ms
GET /favicon.ico 200 32038 - 1 ms
GET /images/mario.png 304 - - 1 ms
GET /images/mario.png 304 - - 3 ms
GET /images/mario.png 304 - - 3 ms
GET /images/mario.png 304 - - 3 ms
Service call: botName
GET /ajax/botName 200 33 - 10 ms
Service call: botNameCheck
GET /ajax/botNameCheck?challengeId=mario&name=first 200 30 - 4 ms
Service call: submitBot
POST /ajax/submitBot 200 16 - 29 ms
GET /challenges/mario 200 5539 - 12 ms
GET /css/styles.css 304 - - 1 ms
GET /js/es5-shim.min.js 304 - - 2 ms
GET /js/jquery-ui-1.8.19.custom.min.js 304 - - 1 ms
GET /js/scripts.js 304 - - 2 ms
GET /js/underscore-min.js 304 - - 1 ms
GET /js/jquery-1.7.2.min.js 304 - - 2 ms
GET /js/deferred.js 304 - - 1 ms
GET /images/bg.jpg 304 - - 1 ms
GET /images/logo.png 304 - - 2 ms
GET /images/mario_pic.jpg 304 - - 1 ms
GET /challenges/mario/practice 200 15164 - 14 ms
GET /css/styles.css 304 - - 4 ms
GET /js/codemirror-min.js 304 - - 4 ms
GET /js/es5-shim.min.js 304 - - 4 ms
GET /css/codemirror.css 304 - - 4 ms
GET /js/underscore-min.js 304 - - 1 ms
GET /js/deferred.js 304 - - 1 ms
GET /images/bg.jpg 304 - - 1 ms
GET /js/jquery-1.7.2.min.js 304 - - 2 ms
GET /js/jquery-ui-1.8.19.custom.min.js 304 - - 2 ms
GET /js/scripts.js 304 - - 1 ms
GET /images/logo.png 304 - - 1 ms
GET /images/bg.jpg 304 - - 3 ms
GET /images/mario.png 304 - - 1 ms
GET /images/mario.png 304 - - 2 ms
GET /images/mario.png 304 - - 3 ms
GET /images/mario.png 304 - - 4 ms
GET /images/mario.png 304 - - 3 ms
GET / 200 3508 - 17 ms
GET /css/styles.css 200 6747 - 19 ms
GET /js/es5-shim.min.js 200 8286 - 9 ms
GET /js/underscore-min.js 200 12140 - 178 ms
GET /js/jquery-ui-1.8.19.custom.min.js 200 28994 - 283 ms
GET /js/deferred.js 200 32623 - 334 ms
GET /images/logo.png 200 17246 - 92 ms
GET /images/mario_pic.jpg 200 10162 - 2 ms
GET /js/jquery-1.7.2.min.js 200 94840 - 404 ms
GET /images/bg.jpg 200 47386 - 203 ms
GET /js/scripts.js 200 76550 - 452 ms
GET /favicon.ico 200 32038 - 109 ms
GET /challenges/mario 200 5495 - 6 ms
GET /js/es5-shim.min.js 200 8286 - 1 ms
GET /css/styles.css 200 6747 - 1 ms
GET /js/underscore-min.js 200 12140 - 3 ms
GET /js/deferred.js 200 32623 - 2 ms
GET /images/bg.jpg 200 47386 - 1 ms
GET /images/logo.png 200 17246 - 1 ms
GET /js/jquery-ui-1.8.19.custom.min.js 200 28994 - 204 ms
GET /images/mario_pic.jpg 200 10162 - 1 ms
GET /js/scripts.js 200 76550 - 382 ms
GET /js/jquery-1.7.2.min.js 200 94840 - 626 ms
GET /challenges/mario/adm 403 13 - 81 ms
GET /images/bg.jpg 200 47386 - 302 ms
Service call: login
POST /ajax/login 200 57 - 3 ms
Service call: login
POST /ajax/login 200 30 - 4 ms
GET /challenges/mario 200 5526 - 6 ms
GET /css/styles.css 200 6747 - 1 ms
GET /js/es5-shim.min.js 200 8286 - - ms
GET /js/underscore-min.js 200 12140 - - ms
GET /js/jquery-ui-1.8.19.custom.min.js 200 28994 - 1 ms
GET /js/deferred.js 200 32623 - 182 ms
GET /images/logo.png 200 17246 - 1 ms
GET /images/mario_pic.jpg 200 10162 - 1 ms
GET /js/jquery-1.7.2.min.js 200 94840 - 330 ms
GET /images/bg.jpg 200 47386 - 230 ms
GET /js/scripts.js 200 76550 - 514 ms
GET /challenges/mario/adm 200 3015 - 11 ms
GET /css/styles.css 200 6747 - 2 ms
GET /js/es5-shim.min.js 200 8286 - 2 ms
GET /js/underscore-min.js 200 12140 - 2 ms
GET /js/jquery-ui-1.8.19.custom.min.js 200 28994 - 1 ms
GET /js/deferred.js 200 32623 - 194 ms
GET /images/logo.png 200 17246 - 2 ms
GET /js/jquery-1.7.2.min.js 200 94840 - 326 ms
GET /images/bg.jpg 200 47386 - 311 ms
GET /js/scripts.js 200 76550 - 383 ms
GET /sources/4fa24d09c69ec8eb55000072 200 4025 - 22 ms
GET /css/styles.css 200 6747 - 7 ms
GET /js/es5-shim.min.js 200 8286 - 7 ms
GET /js/underscore-min.js 200 12140 - 6 ms
GET /js/deferred.js 200 32623 - 6 ms
GET /js/jquery-ui-1.8.19.custom.min.js 200 28994 - 173 ms
GET /js/jquery-1.7.2.min.js 200 94840 - 303 ms
GET /images/bg.jpg 200 47386 - 234 ms
GET /js/scripts.js 200 76550 - 495 ms
GET /challenges/mario 200 5526 - 10 ms
GET /css/styles.css 200 6747 - 10 ms
GET /js/es5-shim.min.js 200 8286 - 10 ms
GET /js/underscore-min.js 200 12140 - 9 ms
GET /js/deferred.js 200 32623 - 8 ms
GET /js/jquery-ui-1.8.19.custom.min.js 200 28994 - 1 ms
GET /images/logo.png 200 17246 - 1 ms
GET /images/mario_pic.jpg 200 10162 - 2 ms
GET /js/jquery-1.7.2.min.js 200 94840 - 342 ms
GET /images/bg.jpg 200 47386 - 237 ms
GET /js/scripts.js 200 76550 - 524 ms
GET /challenges/mario/practice 200 9140 - 9 ms
GET /css/styles.css 200 6747 - 2 ms
GET /js/es5-shim.min.js 200 8286 - 2 ms
GET /js/deferred.js 200 32623 - 2 ms
GET /js/underscore-min.js 200 12140 - 1 ms
GET /css/codemirror.css 200 5050 - 39 ms
GET /js/codemirror-min.js 200 58914 - 47 ms
GET /js/jquery-ui-1.8.19.custom.min.js 200 28994 - 2 ms
GET /images/bg.jpg 200 47386 - 2 ms
GET /images/logo.png 200 17246 - 2 ms
GET /js/scripts.js 200 76550 - 384 ms
GET /js/jquery-1.7.2.min.js 200 94840 - 576 ms
GET /images/mario.png 200 1145 - 7 ms
GET /images/bg.jpg 200 47386 - 315 ms
GET / 200 3550 - 14 ms
GET /css/styles.css 304 - - 7 ms
GET /js/es5-shim.min.js 304 - - 7 ms
GET /js/underscore-min.js 304 - - 6 ms
GET /js/deferred.js 304 - - 6 ms
GET /js/jquery-1.7.2.min.js 304 - - 5 ms
GET /js/jquery-ui-1.8.19.custom.min.js 304 - - 6 ms
GET /js/scripts.js 304 - - 1 ms
GET /images/bg.jpg 304 - - 1 ms
GET /images/mario_pic.jpg 304 - - 1 ms
GET /images/logo.png 304 - - 3 ms
GET /images/mario.png 304 - - 2 ms
GET /images/mario.png 304 - - 3 ms
GET /images/mario.png 304 - - 2 ms
GET /images/mario.png 304 - - 3 ms
GET / 200 3551 - 36 ms
GET /css/styles.css 304 - - 16 ms
GET /js/es5-shim.min.js 304 - - 6 ms
GET /js/underscore-min.js 304 - - 6 ms
GET /js/deferred.js 304 - - 6 ms
GET /js/jquery-1.7.2.min.js 304 - - 2 ms
GET /js/jquery-ui-1.8.19.custom.min.js 304 - - - ms
GET /js/scripts.js 304 - - - ms
GET /images/bg.jpg 304 - - 1 ms
GET /images/logo.png 304 - - 1 ms
GET /images/mario_pic.jpg 304 - - 1 ms
GET /scores 200 1961 - 24 ms
GET /css/styles.css 304 - - 4 ms
GET /js/es5-shim.min.js 304 - - 3 ms
GET /js/underscore-min.js 304 - - 3 ms
GET /js/deferred.js 304 - - 4 ms
GET /js/jquery-1.7.2.min.js 304 - - 3 ms
GET /js/jquery-ui-1.8.19.custom.min.js 304 - - 3 ms
GET /js/scripts.js 304 - - 1 ms
GET /images/bg.jpg 304 - - 1 ms
GET /images/logo.png 304 - - 1 ms
Service call: getScores
GET /ajax/getScores?challenge=mario 200 120 - 3 ms
GET /challenges 200 2094 - 3 ms
GET /css/styles.css 304 - - 1 ms
GET /js/es5-shim.min.js 304 - - 1 ms
GET /js/underscore-min.js 304 - - 1 ms
GET /js/deferred.js 304 - - 2 ms
GET /js/jquery-1.7.2.min.js 304 - - 2 ms
GET /js/jquery-ui-1.8.19.custom.min.js 304 - - 2 ms
GET /js/scripts.js 304 - - 2 ms
GET /images/bg.jpg 304 - - 1 ms
GET /images/logo.png 304 - - 1 ms
GET /images/mario_pic.jpg 304 - - 1 ms
GET /challenges/mario 200 5538 - 6 ms
GET /js/es5-shim.min.js 304 - - 1 ms
GET /js/jquery-1.7.2.min.js 304 - - 3 ms
GET /js/deferred.js 304 - - 4 ms
GET /css/styles.css 304 - - 4 ms
GET /js/jquery-ui-1.8.19.custom.min.js 304 - - 4 ms
GET /js/underscore-min.js 304 - - 3 ms
GET /js/scripts.js 304 - - 1 ms
GET /images/logo.png 304 - - 1 ms
GET /images/bg.jpg 304 - - 1 ms
GET /images/mario_pic.jpg 304 - - 1 ms
GET /images/mario.png 304 - - 16 ms
GET /images/mario.png 304 - - 3 ms
GET /images/mario.png 304 - - 3 ms
GET /images/mario.png 304 - - 7 ms
GET /images/mario.png 304 - - 3 ms
GET /images/mario.png 304 - - 2 ms
GET /images/mario.png 304 - - 2 ms
GET /images/mario.png 304 - - 3 ms
GET /images/mario.png 304 - - 2 ms
GET /images/mario.png 304 - - 3 ms
GET /images/mario.png 304 - - 3 ms
GET /images/mario.png 304 - - 3 ms
GET /images/mario.png 304 - - 2 ms
GET /images/mario.png 304 - - 3 ms
GET /images/mario.png 304 - - 5 ms
GET /images/mario.png 304 - - 2 ms
GET / 200 3539 - 47 ms
GET /css/styles.css 200 6747 - 32 ms
GET /js/es5-shim.min.js 200 8286 - 6 ms
GET /js/underscore-min.js 200 12140 - 149 ms
GET /js/scripts.js 200 76550 - 291 ms
GET /js/deferred.js 200 32623 - 350 ms
GET /js/jquery-ui-1.8.19.custom.min.js 200 28994 - 313 ms
GET /images/logo.png 200 17246 - 85 ms
GET /js/jquery-1.7.2.min.js 200 94840 - 465 ms
GET /images/mario_pic.jpg 200 10162 - 10 ms
GET /images/bg.jpg 200 47386 - 284 ms
GET /images/mario.png 304 - - 3 ms
GET /images/mario.png 304 - - 3 ms
GET /images/mario.png 304 - - 3 ms
GET /images/mario.png 304 - - 3 ms
GET /images/mario.png 304 - - 3 ms
GET /images/mario.png 304 - - 3 ms
GET /images/mario.png 304 - - 3 ms
GET /images/mario.png 304 - - 2 ms
GET /replays 200 1878 - 35 ms
GET /css/styles.css 200 6747 - 31 ms
GET /js/underscore-min.js 200 12140 - 88 ms
GET /js/es5-shim.min.js 200 8286 - 43 ms
GET /js/deferred.js 200 32623 - 152 ms
GET /js/jquery-ui-1.8.19.custom.min.js 200 28994 - 161 ms
GET /js/underscore-min.js 304 - - 1 ms
GET /js/deferred.js 304 - - 1 ms
GET /js/scripts.js 200 76550 - 266 ms
GET /js/jquery-1.7.2.min.js 200 94840 - 283 ms
GET /images/bg.jpg 200 47386 - 176 ms
GET /favicon.ico 200 32038 - 145 ms
GET /images/logo.png 200 17246 - 159 ms
GET /js/jquery-ui-1.8.19.custom.min.js 304 - - 1 ms
GET /js/scripts.js 304 - - 1 ms
Service call: replaysList
GET /ajax/replaysList?challenge=mario 200 28 - 6 ms
GET /register 200 2152 - 3 ms
GET /css/styles.css 304 - - 1 ms
GET /js/es5-shim.min.js 304 - - 1 ms
GET /js/underscore-min.js 304 - - - ms
GET /js/deferred.js 304 - - 1 ms
GET /js/jquery-1.7.2.min.js 304 - - 1 ms
GET /js/jquery-ui-1.8.19.custom.min.js 304 - - 1 ms
GET /js/scripts.js 304 - - 1 ms
GET /images/bg.jpg 304 - - - ms
GET /images/logo.png 304 - - 1 ms
GET /js/underscore-min.js 304 - - 1 ms
GET /js/deferred.js 304 - - 1 ms
GET /js/jquery-1.7.2.min.js 304 - - 1 ms
GET /js/jquery-ui-1.8.19.custom.min.js 304 - - - ms
GET /js/scripts.js 304 - - 1 ms
Service call: register
POST /ajax/register 200 30 - 95 ms
GET /replays 200 1917 - 6 ms
GET /css/styles.css 304 - - 1 ms
GET /js/underscore-min.js 304 - - 4 ms
GET /js/deferred.js 304 - - 4 ms
GET /js/jquery-1.7.2.min.js 304 - - 3 ms
GET /js/jquery-ui-1.8.19.custom.min.js 304 - - 3 ms
GET /js/scripts.js 304 - - 4 ms
GET /js/es5-shim.min.js 304 - - 4 ms
GET /images/bg.jpg 304 - - 1 ms
GET /images/logo.png 304 - - 1 ms
GET /js/underscore-min.js 304 - - 1 ms
GET /js/deferred.js 304 - - 1 ms
GET /js/jquery-1.7.2.min.js 304 - - 1 ms
GET /js/jquery-ui-1.8.19.custom.min.js 304 - - 1 ms
GET /js/scripts.js 304 - - 1 ms
GET /challenges 200 2090 - 4 ms
GET /css/styles.css 304 - - 1 ms
GET /js/es5-shim.min.js 304 - - 3 ms
GET /js/underscore-min.js 304 - - 3 ms
GET /js/deferred.js 304 - - 2 ms
GET /js/jquery-1.7.2.min.js 304 - - 3 ms
GET /js/jquery-ui-1.8.19.custom.min.js 304 - - 2 ms
GET /js/scripts.js 304 - - 2 ms
GET /images/bg.jpg 304 - - 1 ms
GET /images/logo.png 304 - - - ms
GET /js/underscore-min.js 304 - - 2 ms
GET /js/deferred.js 304 - - - ms
GET /js/jquery-1.7.2.min.js 304 - - - ms
GET /images/mario_pic.jpg 200 10162 - 77 ms
GET /js/jquery-ui-1.8.19.custom.min.js 304 - - 1 ms
GET /js/scripts.js 304 - - 1 ms
GET /challenges/mario 200 5534 - 11 ms
GET /css/styles.css 304 - - 1 ms
GET /js/es5-shim.min.js 304 - - 1 ms
GET /images/bg.jpg 304 - - 1 ms
GET /images/logo.png 304 - - 1 ms
GET /images/mario_pic.jpg 304 - - 1 ms
GET /js/underscore-min.js 304 - - 1 ms
GET /js/deferred.js 304 - - 1 ms
GET /js/jquery-1.7.2.min.js 304 - - 1 ms
GET /js/jquery-ui-1.8.19.custom.min.js 304 - - 1 ms
GET /js/scripts.js 304 - - 1 ms
GET /js/jquery-1.7.2.min.js 304 - - 1 ms
GET /js/jquery-ui-1.8.19.custom.min.js 304 - - 1 ms
GET /js/scripts.js 304 - - 1 ms
GET /challenges/mario/practice 200 9148 - 126 ms
GET /css/styles.css 304 - - 5 ms
GET /js/es5-shim.min.js 304 - - 4 ms
GET /js/underscore-min.js 304 - - 3 ms
GET /js/deferred.js 304 - - - ms
GET /js/jquery-1.7.2.min.js 304 - - 1 ms
GET /images/bg.jpg 304 - - 1 ms
GET /images/logo.png 304 - - 2 ms
GET /js/jquery-ui-1.8.19.custom.min.js 304 - - 1 ms
GET /css/codemirror.css 200 5050 - 212 ms
GET /js/scripts.js 304 - - 1 ms
GET /js/codemirror-min.js 200 58914 - 393 ms
GET /js/underscore-min.js 304 - - 1 ms
GET /js/deferred.js 304 - - 1 ms
GET /js/jquery-1.7.2.min.js 304 - - 2 ms
GET /js/jquery-ui-1.8.19.custom.min.js 304 - - 1 ms
GET /js/scripts.js 304 - - 1 ms
GET /images/mario.png 200 1145 - 99 ms
GET / 200 3551 - 122 ms
GET /css/styles.css 304 - - 15 ms
GET /js/es5-shim.min.js 304 - - 15 ms
GET /js/underscore-min.js 304 - - 2 ms
GET /js/jquery-1.7.2.min.js 304 - - 3 ms
GET /js/jquery-ui-1.8.19.custom.min.js 304 - - 2 ms
GET /js/deferred.js 304 - - 2 ms
GET /js/scripts.js 304 - - 1 ms
GET /images/bg.jpg 304 - - 1 ms
GET /images/logo.png 304 - - 1 ms
GET /images/mario_pic.jpg 304 - - 1 ms
GET / 200 3550 - 7 ms
GET /js/es5-shim.min.js 304 - - 5 ms
GET /js/underscore-min.js 304 - - 4 ms
GET /css/styles.css 304 - - 4 ms
GET /js/deferred.js 304 - - 4 ms
GET /js/jquery-1.7.2.min.js 304 - - 3 ms
GET /js/jquery-ui-1.8.19.custom.min.js 304 - - 3 ms
GET /js/scripts.js 304 - - 1 ms
GET /images/bg.jpg 304 - - 1 ms
GET /images/mario_pic.jpg 304 - - 2 ms
GET /images/logo.png 304 - - 1 ms
GET /favicon.ico 304 - - 1 ms
GET /images/mario.png 304 - - 3 ms
GET / 200 3539 - 684 ms
GET /js/es5-shim.min.js 200 8286 - 24 ms
GET /css/styles.css 200 6747 - 50 ms
GET /js/underscore-min.js 200 12140 - 140 ms
GET /images/logo.png 200 17246 - 46 ms
GET /js/jquery-ui-1.8.19.custom.min.js 200 28994 - 268 ms
GET /js/deferred.js 200 32623 - 283 ms
GET /js/jquery-1.7.2.min.js 200 94840 - 376 ms
GET /images/mario_pic.jpg 200 10162 - 56 ms
GET /images/bg.jpg 200 47386 - 260 ms
GET /js/scripts.js 200 76550 - 438 ms
GET /favicon.ico 200 32038 - 91 ms
GET /about 200 2133 - 6 ms
GET /css/styles.css 200 6747 - 1 ms
GET /js/es5-shim.min.js 200 8286 - 2 ms
GET /js/underscore-min.js 200 12140 - 2 ms
GET /js/deferred.js 200 32623 - 4 ms
GET /images/logo.png 200 17246 - 2 ms
GET /js/jquery-ui-1.8.19.custom.min.js 200 28994 - 186 ms
GET /images/me.jpg 200 17798 - 12 ms
GET /js/jquery-1.7.2.min.js 200 94840 - 319 ms
GET /js/scripts.js 200 76550 - 236 ms
GET /images/bg.jpg 200 47386 - 179 ms
GET /about/adm 200 1784 - 51 ms
GET /css/styles.css 200 6747 - 1 ms
GET /js/es5-shim.min.js 200 8286 - 3 ms
GET /js/underscore-min.js 200 12140 - 3 ms
GET /js/deferred.js 200 32623 - 3 ms
GET /js/jquery-ui-1.8.19.custom.min.js 200 28994 - 1 ms
GET /images/logo.png 200 17246 - 1 ms
GET /images/bg.jpg 200 47386 - 182 ms
GET /js/jquery-1.7.2.min.js 200 94840 - 306 ms
GET /js/scripts.js 200 76550 - 236 ms
GET /challenges/mario 200 5538 - 7 ms
GET /css/styles.css 304 - - 1 ms
GET /js/es5-shim.min.js 304 - - 1 ms
GET /js/jquery-ui-1.8.19.custom.min.js 304 - - 4 ms
GET /js/underscore-min.js 304 - - 3 ms
GET /js/jquery-1.7.2.min.js 304 - - 3 ms
GET /js/deferred.js 304 - - 2 ms
GET /js/scripts.js 304 - - 2 ms
GET /images/bg.jpg 304 - - 1 ms
GET /images/mario_pic.jpg 304 - - 1 ms
GET /images/logo.png 304 - - 1 ms
GET /favicon.ico 304 - - 1 ms
GET /challenges/mario 200 5538 - 5 ms
GET /css/styles.css 304 - - 1 ms
GET /js/es5-shim.min.js 304 - - 41 ms
GET /js/underscore-min.js 304 - - 3 ms
GET /js/jquery-1.7.2.min.js 304 - - 3 ms
GET /js/jquery-ui-1.8.19.custom.min.js 304 - - 3 ms
GET /js/deferred.js 304 - - 2 ms
GET /js/scripts.js 304 - - 3 ms
GET /images/bg.jpg 304 - - 1 ms
GET /images/logo.png 304 - - 2 ms
GET /images/mario_pic.jpg 304 - - 7 ms
GET /favicon.ico 304 - - 1 ms
GET /challenges/mario 200 5538 - 5 ms
GET /css/styles.css 304 - - 6 ms
GET /js/es5-shim.min.js 304 - - 5 ms
GET /js/underscore-min.js 304 - - 5 ms
GET /js/deferred.js 304 - - 5 ms
GET /js/jquery-ui-1.8.19.custom.min.js 304 - - 4 ms
GET /js/jquery-1.7.2.min.js 304 - - 3 ms
GET /js/scripts.js 304 - - 1 ms
GET /images/bg.jpg 304 - - 2 ms
GET /images/logo.png 304 - - 2 ms
GET /images/mario_pic.jpg 304 - - 2 ms
GET /favicon.ico 304 - - 1 ms
GET / 200 3550 - 6 ms
GET /css/styles.css 304 - - 2 ms
GET /js/es5-shim.min.js 304 - - 1 ms
GET /js/underscore-min.js 304 - - 3 ms
GET /js/deferred.js 304 - - 1 ms
GET /js/jquery-1.7.2.min.js 304 - - 2 ms
GET /js/jquery-ui-1.8.19.custom.min.js 304 - - 1 ms
GET /js/scripts.js 304 - - 1 ms
GET /images/bg.jpg 304 - - 1 ms
GET /images/logo.png 304 - - 1 ms
GET /images/mario_pic.jpg 304 - - 2 ms
GET /favicon.ico 304 - - 1 ms
GET / 200 3538 - 8 ms
GET /css/styles.css 200 6747 - 19 ms
GET /js/es5-shim.min.js 200 8286 - 20 ms
GET /js/underscore-min.js 200 12140 - 20 ms
GET /js/deferred.js 200 32623 - 19 ms
GET /js/jquery-ui-1.8.19.custom.min.js 200 28994 - 10 ms
GET /images/bg.jpg 200 47386 - 2 ms
GET /images/logo.png 200 17246 - 1 ms
GET /images/mario_pic.jpg 200 10162 - 1 ms
GET /js/jquery-1.7.2.min.js 200 94840 - 391 ms
GET /js/scripts.js 200 76550 - 378 ms
GET /challenges/mario 200 5526 - 11 ms
GET /css/styles.css 200 6747 - 318 ms
GET /js/es5-shim.min.js 200 8286 - 336 ms
GET /js/underscore-min.js 200 12140 - 488 ms
GET /js/deferred.js 200 32623 - 560 ms
GET /js/jquery-ui-1.8.19.custom.min.js 200 28994 - 579 ms
GET /images/mario_pic.jpg 200 10162 - 34 ms
GET /images/bg.jpg 200 47386 - 160 ms
GET /js/jquery-1.7.2.min.js 200 94840 - 711 ms
GET /images/logo.png 200 17246 - 144 ms
GET /js/scripts.js 200 76550 - 325 ms
GET /challenges/mario/practice 200 9141 - 35 ms
GET /css/styles.css 200 6747 - 3 ms
GET /js/es5-shim.min.js 200 8286 - 2 ms
GET /js/underscore-min.js 200 12140 - 3 ms
GET /css/codemirror.css 200 5050 - 43 ms
GET /js/jquery-ui-1.8.19.custom.min.js 200 28994 - 2 ms
GET /images/logo.png 200 17246 - 1 ms
GET /js/deferred.js 200 32623 - 259 ms
GET /js/codemirror-min.js 200 58914 - 331 ms
GET /images/bg.jpg 200 47386 - 154 ms
GET /js/scripts.js 200 76550 - 238 ms
GET /js/jquery-1.7.2.min.js 200 94840 - 587 ms
GET / 200 3539 - 176 ms
GET /css/styles.css 200 6747 - 18 ms
GET /js/es5-shim.min.js 200 8286 - 42 ms
GET /js/underscore-min.js 200 12140 - 196 ms
GET /js/jquery-ui-1.8.19.custom.min.js 200 28994 - 287 ms
GET /js/deferred.js 200 32623 - 329 ms
GET /images/mario_pic.jpg 200 10162 - 26 ms
GET /images/logo.png 200 17246 - 138 ms
GET /js/scripts.js 200 76550 - 312 ms
GET /js/jquery-1.7.2.min.js 200 94840 - 484 ms
GET /images/bg.jpg 200 47386 - 300 ms
GET / 200 3538 - 11 ms
GET /js/es5-shim.min.js 200 8286 - 133 ms
GET /css/styles.css 200 6747 - 135 ms
GET /js/underscore-min.js 200 12140 - 270 ms
GET /js/jquery-ui-1.8.19.custom.min.js 200 28994 - 390 ms
GET /js/deferred.js 200 32623 - 392 ms
GET /images/logo.png 200 17246 - 113 ms
GET /images/mario_pic.jpg 200 10162 - 114 ms
GET /js/jquery-1.7.2.min.js 200 94840 - 562 ms
GET /js/scripts.js 200 76550 - 355 ms
GET /images/bg.jpg 200 47386 - 271 ms
GET /favicon.ico 200 32038 - 10 ms
